[0.342s] DEBUG:colcon:Command line arguments: ['/usr/bin/colcon', 'list', '-p', '--base-paths', '/home/devrobot/hosbot_dev_ws']
[0.342s] DEBUG:colcon:Parsed command line arguments: Namespace(log_base=None, log_level=None, verb_name='list', build_base='build', ignore_user_meta=False, metas=['./colcon.meta'], base_paths=['/home/devrobot/hosbot_dev_ws'], packages_ignore=None, packages_ignore_regex=None, paths=None, packages_up_to=None, packages_up_to_regex=None, packages_above=None, packages_above_and_dependencies=None, packages_above_depth=None, packages_select_by_dep=None, packages_skip_by_dep=None, packages_skip_up_to=None, packages_select_build_failed=False, packages_skip_build_finished=False, packages_select_test_failures=False, packages_skip_test_passed=False, packages_select=None, packages_skip=None, packages_select_regex=None, packages_skip_regex=None, packages_start=None, packages_end=None, allow_overriding=[], topological_order=False, names_only=False, paths_only=True, topological_graph=False, topological_graph_dot=False, topological_graph_density=False, topological_graph_legend=False, topological_graph_dot_cluster=False, topological_graph_dot_include_skipped=False, verb_parser=<colcon_defaults.argument_parser.defaults.DefaultArgumentsDecorator object at 0x7416df821630>, verb_extension=<colcon_package_information.verb.list.ListVerb object at 0x7416df94d630>, main=<bound method ListVerb.main of <colcon_package_information.verb.list.ListVerb object at 0x7416df94d630>>)
[1.199s] Level 1:colcon.colcon_core.package_discovery:discover_packages(colcon_meta) check parameters
[1.199s] Level 1:colcon.colcon_core.package_discovery:discover_packages(recursive) check parameters
[1.199s] Level 1:colcon.colcon_core.package_discovery:discover_packages(ignore) check parameters
[1.199s] Level 1:colcon.colcon_core.package_discovery:discover_packages(path) check parameters
[1.199s] Level 1:colcon.colcon_core.package_discovery:discover_packages(recursive) discover
[1.200s] INFO:colcon.colcon_core.package_discovery:Crawling recursively for packages in '/home/devrobot/hosbot_dev_ws'
[1.200s] Level 1:colcon.colcon_core.package_identification:_identify(/home/devrobot/hosbot_dev_ws) by extensions ['ignore', 'ignore_ament_install']
[1.200s] Level 1:colcon.colcon_core.package_identification:_identify(/home/devrobot/hosbot_dev_ws) by extension 'ignore'
[1.200s] Level 1:colcon.colcon_core.package_identification:_identify(/home/devrobot/hosbot_dev_ws) by extension 'ignore_ament_install'
[1.200s] Level 1:colcon.colcon_core.package_identification:_identify(/home/devrobot/hosbot_dev_ws) by extensions ['colcon_pkg']
[1.201s] Level 1:colcon.colcon_core.package_identification:_identify(/home/devrobot/hosbot_dev_ws) by extension 'colcon_pkg'
[1.201s] Level 1:colcon.colcon_core.package_identification:_identify(/home/devrobot/hosbot_dev_ws) by extensions ['colcon_meta']
[1.201s] Level 1:colcon.colcon_core.package_identification:_identify(/home/devrobot/hosbot_dev_ws) by extension 'colcon_meta'
[1.201s] Level 1:colcon.colcon_core.package_identification:_identify(/home/devrobot/hosbot_dev_ws) by extensions ['ros']
[1.201s] Level 1:colcon.colcon_core.package_identification:_identify(/home/devrobot/hosbot_dev_ws) by extension 'ros'
[1.246s] Level 1:colcon.colcon_core.package_identification:_identify(/home/devrobot/hosbot_dev_ws) by extensions ['cmake', 'python']
[1.246s] Level 1:colcon.colcon_core.package_identification:_identify(/home/devrobot/hosbot_dev_ws) by extension 'cmake'
[1.246s] Level 1:colcon.colcon_core.package_identification:_identify(/home/devrobot/hosbot_dev_ws) by extension 'python'
[1.246s] Level 1:colcon.colcon_core.package_identification:_identify(/home/devrobot/hosbot_dev_ws) by extensions ['python_setup_py']
[1.246s] Level 1:colcon.colcon_core.package_identification:_identify(/home/devrobot/hosbot_dev_ws) by extension 'python_setup_py'
[1.247s] Level 1:colcon.colcon_core.package_identification:_identify(/home/devrobot/hosbot_dev_ws/build) by extensions ['ignore', 'ignore_ament_install']
[1.247s] Level 1:colcon.colcon_core.package_identification:_identify(/home/devrobot/hosbot_dev_ws/build) by extension 'ignore'
[1.247s] Level 1:colcon.colcon_core.package_identification:_identify(/home/devrobot/hosbot_dev_ws/build) ignored
[1.247s] Level 1:colcon.colcon_core.package_identification:_identify(/home/devrobot/hosbot_dev_ws/install) by extensions ['ignore', 'ignore_ament_install']
[1.248s] Level 1:colcon.colcon_core.package_identification:_identify(/home/devrobot/hosbot_dev_ws/install) by extension 'ignore'
[1.248s] Level 1:colcon.colcon_core.package_identification:_identify(/home/devrobot/hosbot_dev_ws/install) ignored
[1.248s] Level 1:colcon.colcon_core.package_identification:_identify(/home/devrobot/hosbot_dev_ws/log) by extensions ['ignore', 'ignore_ament_install']
[1.248s] Level 1:colcon.colcon_core.package_identification:_identify(/home/devrobot/hosbot_dev_ws/log) by extension 'ignore'
[1.248s] Level 1:colcon.colcon_core.package_identification:_identify(/home/devrobot/hosbot_dev_ws/log) ignored
[1.249s] Level 1:colcon.colcon_core.package_identification:_identify(/home/devrobot/hosbot_dev_ws/src) by extensions ['ignore', 'ignore_ament_install']
[1.249s] Level 1:colcon.colcon_core.package_identification:_identify(/home/devrobot/hosbot_dev_ws/src) by extension 'ignore'
[1.249s] Level 1:colcon.colcon_core.package_identification:_identify(/home/devrobot/hosbot_dev_ws/src) by extension 'ignore_ament_install'
[1.249s] Level 1:colcon.colcon_core.package_identification:_identify(/home/devrobot/hosbot_dev_ws/src) by extensions ['colcon_pkg']
[1.249s] Level 1:colcon.colcon_core.package_identification:_identify(/home/devrobot/hosbot_dev_ws/src) by extension 'colcon_pkg'
[1.249s] Level 1:colcon.colcon_core.package_identification:_identify(/home/devrobot/hosbot_dev_ws/src) by extensions ['colcon_meta']
[1.249s] Level 1:colcon.colcon_core.package_identification:_identify(/home/devrobot/hosbot_dev_ws/src) by extension 'colcon_meta'
[1.250s] Level 1:colcon.colcon_core.package_identification:_identify(/home/devrobot/hosbot_dev_ws/src) by extensions ['ros']
[1.250s] Level 1:colcon.colcon_core.package_identification:_identify(/home/devrobot/hosbot_dev_ws/src) by extension 'ros'
[1.250s] Level 1:colcon.colcon_core.package_identification:_identify(/home/devrobot/hosbot_dev_ws/src) by extensions ['cmake', 'python']
[1.250s] Level 1:colcon.colcon_core.package_identification:_identify(/home/devrobot/hosbot_dev_ws/src) by extension 'cmake'
[1.250s] Level 1:colcon.colcon_core.package_identification:_identify(/home/devrobot/hosbot_dev_ws/src) by extension 'python'
[1.250s] Level 1:colcon.colcon_core.package_identification:_identify(/home/devrobot/hosbot_dev_ws/src) by extensions ['python_setup_py']
[1.250s] Level 1:colcon.colcon_core.package_identification:_identify(/home/devrobot/hosbot_dev_ws/src) by extension 'python_setup_py'
[1.251s] Level 1:colcon.colcon_core.package_identification:_identify(/home/devrobot/hosbot_dev_ws/src/hosbot_pkg) by extensions ['ignore', 'ignore_ament_install']
[1.251s] Level 1:colcon.colcon_core.package_identification:_identify(/home/devrobot/hosbot_dev_ws/src/hosbot_pkg) by extension 'ignore'
[1.251s] Level 1:colcon.colcon_core.package_identification:_identify(/home/devrobot/hosbot_dev_ws/src/hosbot_pkg) by extension 'ignore_ament_install'
[1.251s] Level 1:colcon.colcon_core.package_identification:_identify(/home/devrobot/hosbot_dev_ws/src/hosbot_pkg) by extensions ['colcon_pkg']
[1.251s] Level 1:colcon.colcon_core.package_identification:_identify(/home/devrobot/hosbot_dev_ws/src/hosbot_pkg) by extension 'colcon_pkg'
[1.251s] Level 1:colcon.colcon_core.package_identification:_identify(/home/devrobot/hosbot_dev_ws/src/hosbot_pkg) by extensions ['colcon_meta']
[1.252s] Level 1:colcon.colcon_core.package_identification:_identify(/home/devrobot/hosbot_dev_ws/src/hosbot_pkg) by extension 'colcon_meta'
[1.252s] Level 1:colcon.colcon_core.package_identification:_identify(/home/devrobot/hosbot_dev_ws/src/hosbot_pkg) by extensions ['ros']
[1.252s] Level 1:colcon.colcon_core.package_identification:_identify(/home/devrobot/hosbot_dev_ws/src/hosbot_pkg) by extension 'ros'
[1.268s] DEBUG:colcon.colcon_core.package_identification:Package '/home/devrobot/hosbot_dev_ws/src/hosbot_pkg' with type 'ros.ament_cmake' and name 'hosbot_pkg'
[1.269s] Level 1:colcon.colcon_core.package_discovery:discover_packages(recursive) using defaults
