[4.547s] DEBUG:colcon:Command line arguments: ['/usr/bin/colcon', 'build', '--symlink-install']
[4.548s] DEBUG:colcon:Parsed command line arguments: Namespace(log_base=None, log_level=None, verb_name='build', build_base='build', install_base='install', merge_install=False, symlink_install=True, test_result_base=None, continue_on_error=False, executor='parallel', parallel_workers=4, event_handlers=None, ignore_user_meta=False, metas=['./colcon.meta'], base_paths=['.'], packages_ignore=None, packages_ignore_regex=None, paths=None, packages_up_to=None, packages_up_to_regex=None, packages_above=None, packages_above_and_dependencies=None, packages_above_depth=None, packages_select_by_dep=None, packages_skip_by_dep=None, packages_skip_up_to=None, packages_select_build_failed=False, packages_skip_build_finished=False, packages_select_test_failures=False, packages_skip_test_passed=False, packages_select=None, packages_skip=None, packages_select_regex=None, packages_skip_regex=None, packages_start=None, packages_end=None, allow_overriding=[], cmake_args=None, cmake_target=None, cmake_target_skip_unavailable=False, cmake_clean_cache=False, cmake_clean_first=False, cmake_force_configure=False, ament_cmake_args=None, catkin_cmake_args=None, catkin_skip_building_tests=False, verb_parser=<colcon_defaults.argument_parser.defaults.DefaultArgumentsDecorator object at 0x7ebbd9838580>, verb_extension=<colcon_core.verb.build.BuildVerb object at 0x7ebbd9838130>, main=<bound method BuildVerb.main of <colcon_core.verb.build.BuildVerb object at 0x7ebbd9838130>>)
[9.548s] Level 1:colcon.colcon_core.package_discovery:discover_packages(colcon_meta) check parameters
[9.549s] Level 1:colcon.colcon_core.package_discovery:discover_packages(recursive) check parameters
[9.549s] Level 1:colcon.colcon_core.package_discovery:discover_packages(ignore) check parameters
[9.550s] Level 1:colcon.colcon_core.package_discovery:discover_packages(path) check parameters
[9.550s] Level 1:colcon.colcon_core.package_discovery:discover_packages(colcon_meta) discover
[9.550s] Level 1:colcon.colcon_core.package_discovery:discover_packages(recursive) discover
[9.550s] INFO:colcon.colcon_core.package_discovery:Crawling recursively for packages in '/home/devrobot/hosbot_dev_ws'
[9.551s] Level 1:colcon.colcon_core.package_identification:_identify(.) by extensions ['ignore', 'ignore_ament_install']
[9.552s] Level 1:colcon.colcon_core.package_identification:_identify(.) by extension 'ignore'
[9.552s] Level 1:colcon.colcon_core.package_identification:_identify(.) by extension 'ignore_ament_install'
[9.552s] Level 1:colcon.colcon_core.package_identification:_identify(.) by extensions ['colcon_pkg']
[9.553s] Level 1:colcon.colcon_core.package_identification:_identify(.) by extension 'colcon_pkg'
[9.553s] Level 1:colcon.colcon_core.package_identification:_identify(.) by extensions ['colcon_meta']
[9.553s] Level 1:colcon.colcon_core.package_identification:_identify(.) by extension 'colcon_meta'
[9.553s] Level 1:colcon.colcon_core.package_identification:_identify(.) by extensions ['ros']
[9.553s] Level 1:colcon.colcon_core.package_identification:_identify(.) by extension 'ros'
[9.661s] Level 1:colcon.colcon_core.package_identification:_identify(.) by extensions ['cmake', 'python']
[9.661s] Level 1:colcon.colcon_core.package_identification:_identify(.) by extension 'cmake'
[9.661s] Level 1:colcon.colcon_core.package_identification:_identify(.) by extension 'python'
[9.661s] Level 1:colcon.colcon_core.package_identification:_identify(.) by extensions ['python_setup_py']
[9.661s] Level 1:colcon.colcon_core.package_identification:_identify(.) by extension 'python_setup_py'
[9.662s] Level 1:colcon.colcon_core.package_identification:_identify(build) by extensions ['ignore', 'ignore_ament_install']
[9.662s] Level 1:colcon.colcon_core.package_identification:_identify(build) by extension 'ignore'
[9.662s] Level 1:colcon.colcon_core.package_identification:_identify(build) ignored
[9.662s] Level 1:colcon.colcon_core.package_identification:_identify(install) by extensions ['ignore', 'ignore_ament_install']
[9.662s] Level 1:colcon.colcon_core.package_identification:_identify(install) by extension 'ignore'
[9.663s] Level 1:colcon.colcon_core.package_identification:_identify(install) ignored
[9.663s] Level 1:colcon.colcon_core.package_identification:_identify(log) by extensions ['ignore', 'ignore_ament_install']
[9.663s] Level 1:colcon.colcon_core.package_identification:_identify(log) by extension 'ignore'
[9.663s] Level 1:colcon.colcon_core.package_identification:_identify(log) ignored
[9.684s] Level 1:colcon.colcon_core.package_identification:_identify(src) by extensions ['ignore', 'ignore_ament_install']
[9.684s] Level 1:colcon.colcon_core.package_identification:_identify(src) by extension 'ignore'
[9.684s] Level 1:colcon.colcon_core.package_identification:_identify(src) by extension 'ignore_ament_install'
[9.685s] Level 1:colcon.colcon_core.package_identification:_identify(src) by extensions ['colcon_pkg']
[9.685s] Level 1:colcon.colcon_core.package_identification:_identify(src) by extension 'colcon_pkg'
[9.685s] Level 1:colcon.colcon_core.package_identification:_identify(src) by extensions ['colcon_meta']
[9.685s] Level 1:colcon.colcon_core.package_identification:_identify(src) by extension 'colcon_meta'
[9.685s] Level 1:colcon.colcon_core.package_identification:_identify(src) by extensions ['ros']
[9.685s] Level 1:colcon.colcon_core.package_identification:_identify(src) by extension 'ros'
[9.685s] Level 1:colcon.colcon_core.package_identification:_identify(src) by extensions ['cmake', 'python']
[9.685s] Level 1:colcon.colcon_core.package_identification:_identify(src) by extension 'cmake'
[9.685s] Level 1:colcon.colcon_core.package_identification:_identify(src) by extension 'python'
[9.685s] Level 1:colcon.colcon_core.package_identification:_identify(src) by extensions ['python_setup_py']
[9.685s] Level 1:colcon.colcon_core.package_identification:_identify(src) by extension 'python_setup_py'
[9.689s] Level 1:colcon.colcon_core.package_identification:_identify(src/hosbot_pkg) by extensions ['ignore', 'ignore_ament_install']
[9.689s] Level 1:colcon.colcon_core.package_identification:_identify(src/hosbot_pkg) by extension 'ignore'
[9.690s] Level 1:colcon.colcon_core.package_identification:_identify(src/hosbot_pkg) by extension 'ignore_ament_install'
[9.690s] Level 1:colcon.colcon_core.package_identification:_identify(src/hosbot_pkg) by extensions ['colcon_pkg']
[9.690s] Level 1:colcon.colcon_core.package_identification:_identify(src/hosbot_pkg) by extension 'colcon_pkg'
[9.690s] Level 1:colcon.colcon_core.package_identification:_identify(src/hosbot_pkg) by extensions ['colcon_meta']
[9.690s] Level 1:colcon.colcon_core.package_identification:_identify(src/hosbot_pkg) by extension 'colcon_meta'
[9.690s] Level 1:colcon.colcon_core.package_identification:_identify(src/hosbot_pkg) by extensions ['ros']
[9.690s] Level 1:colcon.colcon_core.package_identification:_identify(src/hosbot_pkg) by extension 'ros'
[9.722s] DEBUG:colcon.colcon_core.package_identification:Package 'src/hosbot_pkg' with type 'ros.ament_cmake' and name 'hosbot_pkg'
[9.722s] Level 1:colcon.colcon_core.package_discovery:discover_packages(recursive) using defaults
[9.722s] Level 1:colcon.colcon_core.package_discovery:discover_packages(ignore) discover
[9.723s] Level 1:colcon.colcon_core.package_discovery:discover_packages(ignore) using defaults
[9.723s] Level 1:colcon.colcon_core.package_discovery:discover_packages(path) discover
[9.723s] Level 1:colcon.colcon_core.package_discovery:discover_packages(path) using defaults
[10.177s] Level 1:colcon.colcon_core.package_discovery:discover_packages(prefix_path) check parameters
[10.177s] Level 1:colcon.colcon_core.package_discovery:discover_packages(prefix_path) discover
[10.201s] DEBUG:colcon.colcon_installed_package_information.package_discovery:Found 1 installed packages in /home/devrobot/hosbot_dev_ws/install
[10.209s] DEBUG:colcon.colcon_installed_package_information.package_discovery:Found 280 installed packages in /opt/ros/humble
[10.234s] Level 1:colcon.colcon_core.package_discovery:discover_packages(prefix_path) using defaults
[10.365s] Level 5:colcon.colcon_core.verb:set package 'hosbot_pkg' build argument 'cmake_args' from command line to 'None'
[10.365s] Level 5:colcon.colcon_core.verb:set package 'hosbot_pkg' build argument 'cmake_target' from command line to 'None'
[10.365s] Level 5:colcon.colcon_core.verb:set package 'hosbot_pkg' build argument 'cmake_target_skip_unavailable' from command line to 'False'
[10.365s] Level 5:colcon.colcon_core.verb:set package 'hosbot_pkg' build argument 'cmake_clean_cache' from command line to 'False'
[10.365s] Level 5:colcon.colcon_core.verb:set package 'hosbot_pkg' build argument 'cmake_clean_first' from command line to 'False'
[10.365s] Level 5:colcon.colcon_core.verb:set package 'hosbot_pkg' build argument 'cmake_force_configure' from command line to 'False'
[10.365s] Level 5:colcon.colcon_core.verb:set package 'hosbot_pkg' build argument 'ament_cmake_args' from command line to 'None'
[10.365s] Level 5:colcon.colcon_core.verb:set package 'hosbot_pkg' build argument 'catkin_cmake_args' from command line to 'None'
[10.365s] Level 5:colcon.colcon_core.verb:set package 'hosbot_pkg' build argument 'catkin_skip_building_tests' from command line to 'False'
[10.365s] DEBUG:colcon.colcon_core.verb:Building package 'hosbot_pkg' with the following arguments: {'ament_cmake_args': None, 'build_base': '/home/devrobot/hosbot_dev_ws/build/hosbot_pkg', 'catkin_cmake_args': None, 'catkin_skip_building_tests': False, 'cmake_args': None, 'cmake_clean_cache': False, 'cmake_clean_first': False, 'cmake_force_configure': False, 'cmake_target': None, 'cmake_target_skip_unavailable': False, 'install_base': '/home/devrobot/hosbot_dev_ws/install/hosbot_pkg', 'merge_install': False, 'path': '/home/devrobot/hosbot_dev_ws/src/hosbot_pkg', 'symlink_install': True, 'test_result_base': None}
[10.365s] INFO:colcon.colcon_core.executor:Executing jobs using 'parallel' executor
[10.366s] DEBUG:colcon.colcon_parallel_executor.executor.parallel:run_until_complete
[10.367s] INFO:colcon.colcon_ros.task.ament_cmake.build:Building ROS package in '/home/devrobot/hosbot_dev_ws/src/hosbot_pkg' with build type 'ament_cmake'
[10.367s] INFO:colcon.colcon_cmake.task.cmake.build:Building CMake package in '/home/devrobot/hosbot_dev_ws/src/hosbot_pkg'
[10.417s] INFO:colcon.colcon_core.plugin_system:Skipping extension 'colcon_core.shell.bat': Not used on non-Windows systems
[10.417s] INFO:colcon.colcon_core.shell:Skip shell extension 'powershell' for command environment: Not usable outside of PowerShell
[10.418s] DEBUG:colcon.colcon_core.shell:Skip shell extension 'dsv' for command environment
[10.457s] DEBUG:colcon.colcon_core.event_handler.log_command:Invoking command in '/home/devrobot/hosbot_dev_ws/build/hosbot_pkg': CMAKE_PREFIX_PATH=${CMAKE_PREFIX_PATH}:/opt/ros/humble /usr/bin/cmake --build /home/devrobot/hosbot_dev_ws/build/hosbot_pkg -- -j4 -l4
[11.411s] DEBUG:colcon.colcon_core.event_handler.log_command:Invoked command in '/home/devrobot/hosbot_dev_ws/build/hosbot_pkg' returned '0': CMAKE_PREFIX_PATH=${CMAKE_PREFIX_PATH}:/opt/ros/humble /usr/bin/cmake --build /home/devrobot/hosbot_dev_ws/build/hosbot_pkg -- -j4 -l4
[11.456s] DEBUG:colcon.colcon_core.event_handler.log_command:Invoking command in '/home/devrobot/hosbot_dev_ws/build/hosbot_pkg': CMAKE_PREFIX_PATH=${CMAKE_PREFIX_PATH}:/opt/ros/humble /usr/bin/cmake --install /home/devrobot/hosbot_dev_ws/build/hosbot_pkg
[11.642s] Level 1:colcon.colcon_core.environment:create_environment_scripts_only(hosbot_pkg)
[11.643s] DEBUG:colcon.colcon_core.event_handler.log_command:Invoked command in '/home/devrobot/hosbot_dev_ws/build/hosbot_pkg' returned '0': CMAKE_PREFIX_PATH=${CMAKE_PREFIX_PATH}:/opt/ros/humble /usr/bin/cmake --install /home/devrobot/hosbot_dev_ws/build/hosbot_pkg
[11.741s] Level 1:colcon.colcon_core.environment:checking '/home/devrobot/hosbot_dev_ws/install/hosbot_pkg' for CMake module files
[11.744s] Level 1:colcon.colcon_core.environment:checking '/home/devrobot/hosbot_dev_ws/install/hosbot_pkg' for CMake config files
[11.746s] Level 1:colcon.colcon_core.shell:create_environment_hook('hosbot_pkg', 'cmake_prefix_path')
[11.747s] INFO:colcon.colcon_core.shell:Creating environment hook '/home/devrobot/hosbot_dev_ws/install/hosbot_pkg/share/hosbot_pkg/hook/cmake_prefix_path.ps1'
[11.768s] INFO:colcon.colcon_core.shell:Creating environment descriptor '/home/devrobot/hosbot_dev_ws/install/hosbot_pkg/share/hosbot_pkg/hook/cmake_prefix_path.dsv'
[11.776s] INFO:colcon.colcon_core.shell:Creating environment hook '/home/devrobot/hosbot_dev_ws/install/hosbot_pkg/share/hosbot_pkg/hook/cmake_prefix_path.sh'
[11.782s] Level 1:colcon.colcon_core.environment:checking '/home/devrobot/hosbot_dev_ws/install/hosbot_pkg/bin'
[11.783s] Level 1:colcon.colcon_core.environment:checking '/home/devrobot/hosbot_dev_ws/install/hosbot_pkg/lib/pkgconfig/hosbot_pkg.pc'
[11.784s] Level 1:colcon.colcon_core.environment:checking '/home/devrobot/hosbot_dev_ws/install/hosbot_pkg/lib/python3.10/site-packages'
[11.785s] Level 1:colcon.colcon_core.environment:checking '/home/devrobot/hosbot_dev_ws/install/hosbot_pkg/bin'
[11.787s] INFO:colcon.colcon_core.shell:Creating package script '/home/devrobot/hosbot_dev_ws/install/hosbot_pkg/share/hosbot_pkg/package.ps1'
[11.791s] INFO:colcon.colcon_core.shell:Creating package descriptor '/home/devrobot/hosbot_dev_ws/install/hosbot_pkg/share/hosbot_pkg/package.dsv'
[11.795s] INFO:colcon.colcon_core.shell:Creating package script '/home/devrobot/hosbot_dev_ws/install/hosbot_pkg/share/hosbot_pkg/package.sh'
[11.801s] INFO:colcon.colcon_core.shell:Creating package script '/home/devrobot/hosbot_dev_ws/install/hosbot_pkg/share/hosbot_pkg/package.bash'
[11.856s] INFO:colcon.colcon_core.shell:Creating package script '/home/devrobot/hosbot_dev_ws/install/hosbot_pkg/share/hosbot_pkg/package.zsh'
[11.883s] Level 1:colcon.colcon_core.environment:create_file_with_runtime_dependencies(/home/devrobot/hosbot_dev_ws/install/hosbot_pkg/share/colcon-core/packages/hosbot_pkg)
[11.947s] Level 1:colcon.colcon_core.environment:create_environment_scripts_only(hosbot_pkg)
[11.948s] Level 1:colcon.colcon_core.environment:checking '/home/devrobot/hosbot_dev_ws/install/hosbot_pkg' for CMake module files
[11.949s] Level 1:colcon.colcon_core.environment:checking '/home/devrobot/hosbot_dev_ws/install/hosbot_pkg' for CMake config files
[11.950s] Level 1:colcon.colcon_core.shell:create_environment_hook('hosbot_pkg', 'cmake_prefix_path')
[11.950s] INFO:colcon.colcon_core.shell:Creating environment hook '/home/devrobot/hosbot_dev_ws/install/hosbot_pkg/share/hosbot_pkg/hook/cmake_prefix_path.ps1'
[11.951s] INFO:colcon.colcon_core.shell:Creating environment descriptor '/home/devrobot/hosbot_dev_ws/install/hosbot_pkg/share/hosbot_pkg/hook/cmake_prefix_path.dsv'
[11.952s] INFO:colcon.colcon_core.shell:Creating environment hook '/home/devrobot/hosbot_dev_ws/install/hosbot_pkg/share/hosbot_pkg/hook/cmake_prefix_path.sh'
[11.952s] Level 1:colcon.colcon_core.environment:checking '/home/devrobot/hosbot_dev_ws/install/hosbot_pkg/bin'
[11.953s] Level 1:colcon.colcon_core.environment:checking '/home/devrobot/hosbot_dev_ws/install/hosbot_pkg/lib/pkgconfig/hosbot_pkg.pc'
[11.953s] Level 1:colcon.colcon_core.environment:checking '/home/devrobot/hosbot_dev_ws/install/hosbot_pkg/lib/python3.10/site-packages'
[11.953s] Level 1:colcon.colcon_core.environment:checking '/home/devrobot/hosbot_dev_ws/install/hosbot_pkg/bin'
[11.954s] INFO:colcon.colcon_core.shell:Creating package script '/home/devrobot/hosbot_dev_ws/install/hosbot_pkg/share/hosbot_pkg/package.ps1'
[11.954s] INFO:colcon.colcon_core.shell:Creating package descriptor '/home/devrobot/hosbot_dev_ws/install/hosbot_pkg/share/hosbot_pkg/package.dsv'
[11.955s] INFO:colcon.colcon_core.shell:Creating package script '/home/devrobot/hosbot_dev_ws/install/hosbot_pkg/share/hosbot_pkg/package.sh'
[11.956s] INFO:colcon.colcon_core.shell:Creating package script '/home/devrobot/hosbot_dev_ws/install/hosbot_pkg/share/hosbot_pkg/package.bash'
[11.957s] INFO:colcon.colcon_core.shell:Creating package script '/home/devrobot/hosbot_dev_ws/install/hosbot_pkg/share/hosbot_pkg/package.zsh'
[11.957s] Level 1:colcon.colcon_core.environment:create_file_with_runtime_dependencies(/home/devrobot/hosbot_dev_ws/install/hosbot_pkg/share/colcon-core/packages/hosbot_pkg)
[11.958s] DEBUG:colcon.colcon_parallel_executor.executor.parallel:closing loop
[11.958s] DEBUG:colcon.colcon_parallel_executor.executor.parallel:loop closed
[11.958s] DEBUG:colcon.colcon_parallel_executor.executor.parallel:run_until_complete finished with '0'
[11.959s] DEBUG:colcon.colcon_core.event_reactor:joining thread
[11.989s] INFO:colcon.colcon_core.plugin_system:Skipping extension 'colcon_notification.desktop_notification.terminal_notifier': Not used on non-Darwin systems
[11.989s] INFO:colcon.colcon_core.plugin_system:Skipping extension 'colcon_notification.desktop_notification.win32': Not used on non-Windows systems
[11.990s] INFO:colcon.colcon_notification.desktop_notification:Sending desktop notification using 'notify2'
[12.007s] DEBUG:colcon.colcon_core.event_reactor:joined thread
[12.008s] INFO:colcon.colcon_core.shell:Creating prefix script '/home/devrobot/hosbot_dev_ws/install/local_setup.ps1'
[12.043s] INFO:colcon.colcon_core.shell:Creating prefix util module '/home/devrobot/hosbot_dev_ws/install/_local_setup_util_ps1.py'
[12.064s] INFO:colcon.colcon_core.shell:Creating prefix chain script '/home/devrobot/hosbot_dev_ws/install/setup.ps1'
[12.078s] INFO:colcon.colcon_core.shell:Creating prefix script '/home/devrobot/hosbot_dev_ws/install/local_setup.sh'
[12.082s] INFO:colcon.colcon_core.shell:Creating prefix util module '/home/devrobot/hosbot_dev_ws/install/_local_setup_util_sh.py'
[12.084s] INFO:colcon.colcon_core.shell:Creating prefix chain script '/home/devrobot/hosbot_dev_ws/install/setup.sh'
[12.089s] INFO:colcon.colcon_core.shell:Creating prefix script '/home/devrobot/hosbot_dev_ws/install/local_setup.bash'
[12.109s] INFO:colcon.colcon_core.shell:Creating prefix chain script '/home/devrobot/hosbot_dev_ws/install/setup.bash'
[12.116s] INFO:colcon.colcon_core.shell:Creating prefix script '/home/devrobot/hosbot_dev_ws/install/local_setup.zsh'
[12.126s] INFO:colcon.colcon_core.shell:Creating prefix chain script '/home/devrobot/hosbot_dev_ws/install/setup.zsh'
