[0.958s] DEBUG:colcon:Command line arguments: ['/usr/bin/colcon', 'build', '--symlink-install']
[0.959s] DEBUG:colcon:Parsed command line arguments: Namespace(log_base=None, log_level=None, verb_name='build', build_base='build', install_base='install', merge_install=False, symlink_install=True, test_result_base=None, continue_on_error=False, executor='parallel', parallel_workers=4, event_handlers=None, ignore_user_meta=False, metas=['./colcon.meta'], base_paths=['.'], packages_ignore=None, packages_ignore_regex=None, paths=None, packages_up_to=None, packages_up_to_regex=None, packages_above=None, packages_above_and_dependencies=None, packages_above_depth=None, packages_select_by_dep=None, packages_skip_by_dep=None, packages_skip_up_to=None, packages_select_build_failed=False, packages_skip_build_finished=False, packages_select_test_failures=False, packages_skip_test_passed=False, packages_select=None, packages_skip=None, packages_select_regex=None, packages_skip_regex=None, packages_start=None, packages_end=None, allow_overriding=[], cmake_args=None, cmake_target=None, cmake_target_skip_unavailable=False, cmake_clean_cache=False, cmake_clean_first=False, cmake_force_configure=False, ament_cmake_args=None, catkin_cmake_args=None, catkin_skip_building_tests=False, verb_parser=<colcon_defaults.argument_parser.defaults.DefaultArgumentsDecorator object at 0x718551638550>, verb_extension=<colcon_core.verb.build.BuildVerb object at 0x7185516380a0>, main=<bound method BuildVerb.main of <colcon_core.verb.build.BuildVerb object at 0x7185516380a0>>)
[2.622s] Level 1:colcon.colcon_core.package_discovery:discover_packages(colcon_meta) check parameters
[2.623s] Level 1:colcon.colcon_core.package_discovery:discover_packages(recursive) check parameters
[2.623s] Level 1:colcon.colcon_core.package_discovery:discover_packages(ignore) check parameters
[2.623s] Level 1:colcon.colcon_core.package_discovery:discover_packages(path) check parameters
[2.624s] Level 1:colcon.colcon_core.package_discovery:discover_packages(colcon_meta) discover
[2.624s] Level 1:colcon.colcon_core.package_discovery:discover_packages(recursive) discover
[2.625s] INFO:colcon.colcon_core.package_discovery:Crawling recursively for packages in '/home/devrobot/hosbot_dev_ws'
[2.625s] Level 1:colcon.colcon_core.package_identification:_identify(.) by extensions ['ignore', 'ignore_ament_install']
[2.626s] Level 1:colcon.colcon_core.package_identification:_identify(.) by extension 'ignore'
[2.627s] Level 1:colcon.colcon_core.package_identification:_identify(.) by extension 'ignore_ament_install'
[2.628s] Level 1:colcon.colcon_core.package_identification:_identify(.) by extensions ['colcon_pkg']
[2.628s] Level 1:colcon.colcon_core.package_identification:_identify(.) by extension 'colcon_pkg'
[2.629s] Level 1:colcon.colcon_core.package_identification:_identify(.) by extensions ['colcon_meta']
[2.629s] Level 1:colcon.colcon_core.package_identification:_identify(.) by extension 'colcon_meta'
[2.629s] Level 1:colcon.colcon_core.package_identification:_identify(.) by extensions ['ros']
[2.630s] Level 1:colcon.colcon_core.package_identification:_identify(.) by extension 'ros'
[2.738s] Level 1:colcon.colcon_core.package_identification:_identify(.) by extensions ['cmake', 'python']
[2.739s] Level 1:colcon.colcon_core.package_identification:_identify(.) by extension 'cmake'
[2.739s] Level 1:colcon.colcon_core.package_identification:_identify(.) by extension 'python'
[2.740s] Level 1:colcon.colcon_core.package_identification:_identify(.) by extensions ['python_setup_py']
[2.740s] Level 1:colcon.colcon_core.package_identification:_identify(.) by extension 'python_setup_py'
[2.741s] Level 1:colcon.colcon_core.package_identification:_identify(build) by extensions ['ignore', 'ignore_ament_install']
[2.742s] Level 1:colcon.colcon_core.package_identification:_identify(build) by extension 'ignore'
[2.742s] Level 1:colcon.colcon_core.package_identification:_identify(build) ignored
[2.743s] Level 1:colcon.colcon_core.package_identification:_identify(install) by extensions ['ignore', 'ignore_ament_install']
[2.744s] Level 1:colcon.colcon_core.package_identification:_identify(install) by extension 'ignore'
[2.745s] Level 1:colcon.colcon_core.package_identification:_identify(install) ignored
[2.746s] Level 1:colcon.colcon_core.package_identification:_identify(log) by extensions ['ignore', 'ignore_ament_install']
[2.747s] Level 1:colcon.colcon_core.package_identification:_identify(log) by extension 'ignore'
[2.747s] Level 1:colcon.colcon_core.package_identification:_identify(log) ignored
[2.748s] Level 1:colcon.colcon_core.package_identification:_identify(src) by extensions ['ignore', 'ignore_ament_install']
[2.749s] Level 1:colcon.colcon_core.package_identification:_identify(src) by extension 'ignore'
[2.749s] Level 1:colcon.colcon_core.package_identification:_identify(src) by extension 'ignore_ament_install'
[2.750s] Level 1:colcon.colcon_core.package_identification:_identify(src) by extensions ['colcon_pkg']
[2.750s] Level 1:colcon.colcon_core.package_identification:_identify(src) by extension 'colcon_pkg'
[2.750s] Level 1:colcon.colcon_core.package_identification:_identify(src) by extensions ['colcon_meta']
[2.750s] Level 1:colcon.colcon_core.package_identification:_identify(src) by extension 'colcon_meta'
[2.751s] Level 1:colcon.colcon_core.package_identification:_identify(src) by extensions ['ros']
[2.751s] Level 1:colcon.colcon_core.package_identification:_identify(src) by extension 'ros'
[2.752s] Level 1:colcon.colcon_core.package_identification:_identify(src) by extensions ['cmake', 'python']
[2.752s] Level 1:colcon.colcon_core.package_identification:_identify(src) by extension 'cmake'
[2.753s] Level 1:colcon.colcon_core.package_identification:_identify(src) by extension 'python'
[2.753s] Level 1:colcon.colcon_core.package_identification:_identify(src) by extensions ['python_setup_py']
[2.754s] Level 1:colcon.colcon_core.package_identification:_identify(src) by extension 'python_setup_py'
[2.754s] Level 1:colcon.colcon_core.package_identification:_identify(src/hosbot_pkg) by extensions ['ignore', 'ignore_ament_install']
[2.755s] Level 1:colcon.colcon_core.package_identification:_identify(src/hosbot_pkg) by extension 'ignore'
[2.756s] Level 1:colcon.colcon_core.package_identification:_identify(src/hosbot_pkg) by extension 'ignore_ament_install'
[2.756s] Level 1:colcon.colcon_core.package_identification:_identify(src/hosbot_pkg) by extensions ['colcon_pkg']
[2.757s] Level 1:colcon.colcon_core.package_identification:_identify(src/hosbot_pkg) by extension 'colcon_pkg'
[2.757s] Level 1:colcon.colcon_core.package_identification:_identify(src/hosbot_pkg) by extensions ['colcon_meta']
[2.757s] Level 1:colcon.colcon_core.package_identification:_identify(src/hosbot_pkg) by extension 'colcon_meta'
[2.758s] Level 1:colcon.colcon_core.package_identification:_identify(src/hosbot_pkg) by extensions ['ros']
[2.758s] Level 1:colcon.colcon_core.package_identification:_identify(src/hosbot_pkg) by extension 'ros'
[2.777s] DEBUG:colcon.colcon_core.package_identification:Package 'src/hosbot_pkg' with type 'ros.ament_cmake' and name 'hosbot_pkg'
[2.778s] Level 1:colcon.colcon_core.package_discovery:discover_packages(recursive) using defaults
[2.778s] Level 1:colcon.colcon_core.package_discovery:discover_packages(ignore) discover
[2.778s] Level 1:colcon.colcon_core.package_discovery:discover_packages(ignore) using defaults
[2.779s] Level 1:colcon.colcon_core.package_discovery:discover_packages(path) discover
[2.779s] Level 1:colcon.colcon_core.package_discovery:discover_packages(path) using defaults
[2.966s] Level 1:colcon.colcon_core.package_discovery:discover_packages(prefix_path) check parameters
[2.966s] Level 1:colcon.colcon_core.package_discovery:discover_packages(prefix_path) discover
[2.988s] DEBUG:colcon.colcon_installed_package_information.package_discovery:Found 280 installed packages in /opt/ros/humble
[3.055s] Level 1:colcon.colcon_core.package_discovery:discover_packages(prefix_path) using defaults
[3.487s] Level 5:colcon.colcon_core.verb:set package 'hosbot_pkg' build argument 'cmake_args' from command line to 'None'
[3.488s] Level 5:colcon.colcon_core.verb:set package 'hosbot_pkg' build argument 'cmake_target' from command line to 'None'
[3.488s] Level 5:colcon.colcon_core.verb:set package 'hosbot_pkg' build argument 'cmake_target_skip_unavailable' from command line to 'False'
[3.489s] Level 5:colcon.colcon_core.verb:set package 'hosbot_pkg' build argument 'cmake_clean_cache' from command line to 'False'
[3.489s] Level 5:colcon.colcon_core.verb:set package 'hosbot_pkg' build argument 'cmake_clean_first' from command line to 'False'
[3.489s] Level 5:colcon.colcon_core.verb:set package 'hosbot_pkg' build argument 'cmake_force_configure' from command line to 'False'
[3.490s] Level 5:colcon.colcon_core.verb:set package 'hosbot_pkg' build argument 'ament_cmake_args' from command line to 'None'
[3.490s] Level 5:colcon.colcon_core.verb:set package 'hosbot_pkg' build argument 'catkin_cmake_args' from command line to 'None'
[3.490s] Level 5:colcon.colcon_core.verb:set package 'hosbot_pkg' build argument 'catkin_skip_building_tests' from command line to 'False'
[3.490s] DEBUG:colcon.colcon_core.verb:Building package 'hosbot_pkg' with the following arguments: {'ament_cmake_args': None, 'build_base': '/home/devrobot/hosbot_dev_ws/build/hosbot_pkg', 'catkin_cmake_args': None, 'catkin_skip_building_tests': False, 'cmake_args': None, 'cmake_clean_cache': False, 'cmake_clean_first': False, 'cmake_force_configure': False, 'cmake_target': None, 'cmake_target_skip_unavailable': False, 'install_base': '/home/devrobot/hosbot_dev_ws/install/hosbot_pkg', 'merge_install': False, 'path': '/home/devrobot/hosbot_dev_ws/src/hosbot_pkg', 'symlink_install': True, 'test_result_base': None}
[3.491s] INFO:colcon.colcon_core.executor:Executing jobs using 'parallel' executor
[3.498s] DEBUG:colcon.colcon_parallel_executor.executor.parallel:run_until_complete
[3.499s] INFO:colcon.colcon_ros.task.ament_cmake.build:Building ROS package in '/home/devrobot/hosbot_dev_ws/src/hosbot_pkg' with build type 'ament_cmake'
[3.500s] INFO:colcon.colcon_cmake.task.cmake.build:Building CMake package in '/home/devrobot/hosbot_dev_ws/src/hosbot_pkg'
[3.519s] INFO:colcon.colcon_core.plugin_system:Skipping extension 'colcon_core.shell.bat': Not used on non-Windows systems
[3.521s] INFO:colcon.colcon_core.shell:Skip shell extension 'powershell' for command environment: Not usable outside of PowerShell
[3.521s] DEBUG:colcon.colcon_core.shell:Skip shell extension 'dsv' for command environment
[3.611s] DEBUG:colcon.colcon_core.event_handler.log_command:Invoking command in '/home/devrobot/hosbot_dev_ws/build/hosbot_pkg': CMAKE_PREFIX_PATH=/opt/ros/humble /usr/bin/cmake --build /home/devrobot/hosbot_dev_ws/build/hosbot_pkg -- -j4 -l4
[3.959s] DEBUG:colcon.colcon_core.event_handler.log_command:Invoked command in '/home/devrobot/hosbot_dev_ws/build/hosbot_pkg' returned '0': CMAKE_PREFIX_PATH=/opt/ros/humble /usr/bin/cmake --build /home/devrobot/hosbot_dev_ws/build/hosbot_pkg -- -j4 -l4
[4.243s] DEBUG:colcon.colcon_core.event_handler.log_command:Invoking command in '/home/devrobot/hosbot_dev_ws/build/hosbot_pkg': CMAKE_PREFIX_PATH=/opt/ros/humble /usr/bin/cmake --install /home/devrobot/hosbot_dev_ws/build/hosbot_pkg
[4.459s] Level 1:colcon.colcon_core.environment:create_environment_scripts_only(hosbot_pkg)
[4.467s] DEBUG:colcon.colcon_core.event_handler.log_command:Invoked command in '/home/devrobot/hosbot_dev_ws/build/hosbot_pkg' returned '0': CMAKE_PREFIX_PATH=/opt/ros/humble /usr/bin/cmake --install /home/devrobot/hosbot_dev_ws/build/hosbot_pkg
[4.487s] Level 1:colcon.colcon_core.environment:checking '/home/devrobot/hosbot_dev_ws/install/hosbot_pkg' for CMake module files
[4.491s] Level 1:colcon.colcon_core.environment:checking '/home/devrobot/hosbot_dev_ws/install/hosbot_pkg' for CMake config files
[4.494s] Level 1:colcon.colcon_core.shell:create_environment_hook('hosbot_pkg', 'cmake_prefix_path')
[4.496s] INFO:colcon.colcon_core.shell:Creating environment hook '/home/devrobot/hosbot_dev_ws/install/hosbot_pkg/share/hosbot_pkg/hook/cmake_prefix_path.ps1'
[4.500s] INFO:colcon.colcon_core.shell:Creating environment descriptor '/home/devrobot/hosbot_dev_ws/install/hosbot_pkg/share/hosbot_pkg/hook/cmake_prefix_path.dsv'
[4.504s] INFO:colcon.colcon_core.shell:Creating environment hook '/home/devrobot/hosbot_dev_ws/install/hosbot_pkg/share/hosbot_pkg/hook/cmake_prefix_path.sh'
[4.511s] Level 1:colcon.colcon_core.environment:checking '/home/devrobot/hosbot_dev_ws/install/hosbot_pkg/bin'
[4.511s] Level 1:colcon.colcon_core.environment:checking '/home/devrobot/hosbot_dev_ws/install/hosbot_pkg/lib/pkgconfig/hosbot_pkg.pc'
[4.513s] Level 1:colcon.colcon_core.environment:checking '/home/devrobot/hosbot_dev_ws/install/hosbot_pkg/lib/python3.10/site-packages'
[4.515s] Level 1:colcon.colcon_core.environment:checking '/home/devrobot/hosbot_dev_ws/install/hosbot_pkg/bin'
[4.518s] INFO:colcon.colcon_core.shell:Creating package script '/home/devrobot/hosbot_dev_ws/install/hosbot_pkg/share/hosbot_pkg/package.ps1'
[4.525s] INFO:colcon.colcon_core.shell:Creating package descriptor '/home/devrobot/hosbot_dev_ws/install/hosbot_pkg/share/hosbot_pkg/package.dsv'
[4.530s] INFO:colcon.colcon_core.shell:Creating package script '/home/devrobot/hosbot_dev_ws/install/hosbot_pkg/share/hosbot_pkg/package.sh'
[4.536s] INFO:colcon.colcon_core.shell:Creating package script '/home/devrobot/hosbot_dev_ws/install/hosbot_pkg/share/hosbot_pkg/package.bash'
[4.543s] INFO:colcon.colcon_core.shell:Creating package script '/home/devrobot/hosbot_dev_ws/install/hosbot_pkg/share/hosbot_pkg/package.zsh'
[4.549s] Level 1:colcon.colcon_core.environment:create_file_with_runtime_dependencies(/home/devrobot/hosbot_dev_ws/install/hosbot_pkg/share/colcon-core/packages/hosbot_pkg)
[4.751s] Level 1:colcon.colcon_core.environment:create_environment_scripts_only(hosbot_pkg)
[4.753s] Level 1:colcon.colcon_core.environment:checking '/home/devrobot/hosbot_dev_ws/install/hosbot_pkg' for CMake module files
[4.760s] Level 1:colcon.colcon_core.environment:checking '/home/devrobot/hosbot_dev_ws/install/hosbot_pkg' for CMake config files
[4.765s] Level 1:colcon.colcon_core.shell:create_environment_hook('hosbot_pkg', 'cmake_prefix_path')
[4.768s] INFO:colcon.colcon_core.shell:Creating environment hook '/home/devrobot/hosbot_dev_ws/install/hosbot_pkg/share/hosbot_pkg/hook/cmake_prefix_path.ps1'
[4.772s] INFO:colcon.colcon_core.shell:Creating environment descriptor '/home/devrobot/hosbot_dev_ws/install/hosbot_pkg/share/hosbot_pkg/hook/cmake_prefix_path.dsv'
[4.775s] INFO:colcon.colcon_core.shell:Creating environment hook '/home/devrobot/hosbot_dev_ws/install/hosbot_pkg/share/hosbot_pkg/hook/cmake_prefix_path.sh'
[4.783s] Level 1:colcon.colcon_core.environment:checking '/home/devrobot/hosbot_dev_ws/install/hosbot_pkg/bin'
[4.784s] Level 1:colcon.colcon_core.environment:checking '/home/devrobot/hosbot_dev_ws/install/hosbot_pkg/lib/pkgconfig/hosbot_pkg.pc'
[4.787s] Level 1:colcon.colcon_core.environment:checking '/home/devrobot/hosbot_dev_ws/install/hosbot_pkg/lib/python3.10/site-packages'
[4.790s] Level 1:colcon.colcon_core.environment:checking '/home/devrobot/hosbot_dev_ws/install/hosbot_pkg/bin'
[4.795s] INFO:colcon.colcon_core.shell:Creating package script '/home/devrobot/hosbot_dev_ws/install/hosbot_pkg/share/hosbot_pkg/package.ps1'
[4.799s] INFO:colcon.colcon_core.shell:Creating package descriptor '/home/devrobot/hosbot_dev_ws/install/hosbot_pkg/share/hosbot_pkg/package.dsv'
[4.804s] INFO:colcon.colcon_core.shell:Creating package script '/home/devrobot/hosbot_dev_ws/install/hosbot_pkg/share/hosbot_pkg/package.sh'
[4.809s] INFO:colcon.colcon_core.shell:Creating package script '/home/devrobot/hosbot_dev_ws/install/hosbot_pkg/share/hosbot_pkg/package.bash'
[4.813s] INFO:colcon.colcon_core.shell:Creating package script '/home/devrobot/hosbot_dev_ws/install/hosbot_pkg/share/hosbot_pkg/package.zsh'
[4.817s] Level 1:colcon.colcon_core.environment:create_file_with_runtime_dependencies(/home/devrobot/hosbot_dev_ws/install/hosbot_pkg/share/colcon-core/packages/hosbot_pkg)
[4.819s] DEBUG:colcon.colcon_parallel_executor.executor.parallel:closing loop
[4.821s] DEBUG:colcon.colcon_parallel_executor.executor.parallel:loop closed
[4.823s] DEBUG:colcon.colcon_parallel_executor.executor.parallel:run_until_complete finished with '0'
[4.823s] DEBUG:colcon.colcon_core.event_reactor:joining thread
[4.879s] INFO:colcon.colcon_core.plugin_system:Skipping extension 'colcon_notification.desktop_notification.terminal_notifier': Not used on non-Darwin systems
[4.880s] INFO:colcon.colcon_core.plugin_system:Skipping extension 'colcon_notification.desktop_notification.win32': Not used on non-Windows systems
[4.881s] INFO:colcon.colcon_notification.desktop_notification:Sending desktop notification using 'notify2'
[4.971s] DEBUG:colcon.colcon_core.event_reactor:joined thread
[4.975s] INFO:colcon.colcon_core.shell:Creating prefix script '/home/devrobot/hosbot_dev_ws/install/local_setup.ps1'
[4.985s] INFO:colcon.colcon_core.shell:Creating prefix util module '/home/devrobot/hosbot_dev_ws/install/_local_setup_util_ps1.py'
[5.000s] INFO:colcon.colcon_core.shell:Creating prefix chain script '/home/devrobot/hosbot_dev_ws/install/setup.ps1'
[5.012s] INFO:colcon.colcon_core.shell:Creating prefix script '/home/devrobot/hosbot_dev_ws/install/local_setup.sh'
[5.024s] INFO:colcon.colcon_core.shell:Creating prefix util module '/home/devrobot/hosbot_dev_ws/install/_local_setup_util_sh.py'
[5.031s] INFO:colcon.colcon_core.shell:Creating prefix chain script '/home/devrobot/hosbot_dev_ws/install/setup.sh'
[5.044s] INFO:colcon.colcon_core.shell:Creating prefix script '/home/devrobot/hosbot_dev_ws/install/local_setup.bash'
[5.051s] INFO:colcon.colcon_core.shell:Creating prefix chain script '/home/devrobot/hosbot_dev_ws/install/setup.bash'
[5.063s] INFO:colcon.colcon_core.shell:Creating prefix script '/home/devrobot/hosbot_dev_ws/install/local_setup.zsh'
[5.068s] INFO:colcon.colcon_core.shell:Creating prefix chain script '/home/devrobot/hosbot_dev_ws/install/setup.zsh'
