[4.739s] DEBUG:colcon:Command line arguments: ['/usr/bin/colcon', 'build', '--symlink-install']
[4.739s] DEBUG:colcon:Parsed command line arguments: Namespace(log_base=None, log_level=None, verb_name='build', build_base='build', install_base='install', merge_install=False, symlink_install=True, test_result_base=None, continue_on_error=False, executor='parallel', parallel_workers=4, event_handlers=None, ignore_user_meta=False, metas=['./colcon.meta'], base_paths=['.'], packages_ignore=None, packages_ignore_regex=None, paths=None, packages_up_to=None, packages_up_to_regex=None, packages_above=None, packages_above_and_dependencies=None, packages_above_depth=None, packages_select_by_dep=None, packages_skip_by_dep=None, packages_skip_up_to=None, packages_select_build_failed=False, packages_skip_build_finished=False, packages_select_test_failures=False, packages_skip_test_passed=False, packages_select=None, packages_skip=None, packages_select_regex=None, packages_skip_regex=None, packages_start=None, packages_end=None, allow_overriding=[], cmake_args=None, cmake_target=None, cmake_target_skip_unavailable=False, cmake_clean_cache=False, cmake_clean_first=False, cmake_force_configure=False, ament_cmake_args=None, catkin_cmake_args=None, catkin_skip_building_tests=False, verb_parser=<colcon_defaults.argument_parser.defaults.DefaultArgumentsDecorator object at 0x7ae405434520>, verb_extension=<colcon_core.verb.build.BuildVerb object at 0x7ae4055fbc10>, main=<bound method BuildVerb.main of <colcon_core.verb.build.BuildVerb object at 0x7ae4055fbc10>>)
[9.719s] Level 1:colcon.colcon_core.package_discovery:discover_packages(colcon_meta) check parameters
[9.719s] Level 1:colcon.colcon_core.package_discovery:discover_packages(recursive) check parameters
[9.719s] Level 1:colcon.colcon_core.package_discovery:discover_packages(ignore) check parameters
[9.719s] Level 1:colcon.colcon_core.package_discovery:discover_packages(path) check parameters
[9.719s] Level 1:colcon.colcon_core.package_discovery:discover_packages(colcon_meta) discover
[9.720s] Level 1:colcon.colcon_core.package_discovery:discover_packages(recursive) discover
[9.720s] INFO:colcon.colcon_core.package_discovery:Crawling recursively for packages in '/home/devrobot/hosbot_dev_ws'
[9.720s] Level 1:colcon.colcon_core.package_identification:_identify(.) by extensions ['ignore', 'ignore_ament_install']
[9.720s] Level 1:colcon.colcon_core.package_identification:_identify(.) by extension 'ignore'
[9.720s] Level 1:colcon.colcon_core.package_identification:_identify(.) by extension 'ignore_ament_install'
[9.721s] Level 1:colcon.colcon_core.package_identification:_identify(.) by extensions ['colcon_pkg']
[9.721s] Level 1:colcon.colcon_core.package_identification:_identify(.) by extension 'colcon_pkg'
[9.721s] Level 1:colcon.colcon_core.package_identification:_identify(.) by extensions ['colcon_meta']
[9.721s] Level 1:colcon.colcon_core.package_identification:_identify(.) by extension 'colcon_meta'
[9.721s] Level 1:colcon.colcon_core.package_identification:_identify(.) by extensions ['ros']
[9.721s] Level 1:colcon.colcon_core.package_identification:_identify(.) by extension 'ros'
[9.816s] Level 1:colcon.colcon_core.package_identification:_identify(.) by extensions ['cmake', 'python']
[9.816s] Level 1:colcon.colcon_core.package_identification:_identify(.) by extension 'cmake'
[9.816s] Level 1:colcon.colcon_core.package_identification:_identify(.) by extension 'python'
[9.816s] Level 1:colcon.colcon_core.package_identification:_identify(.) by extensions ['python_setup_py']
[9.816s] Level 1:colcon.colcon_core.package_identification:_identify(.) by extension 'python_setup_py'
[9.817s] Level 1:colcon.colcon_core.package_identification:_identify(build) by extensions ['ignore', 'ignore_ament_install']
[9.817s] Level 1:colcon.colcon_core.package_identification:_identify(build) by extension 'ignore'
[9.817s] Level 1:colcon.colcon_core.package_identification:_identify(build) ignored
[9.817s] Level 1:colcon.colcon_core.package_identification:_identify(install) by extensions ['ignore', 'ignore_ament_install']
[9.818s] Level 1:colcon.colcon_core.package_identification:_identify(install) by extension 'ignore'
[9.818s] Level 1:colcon.colcon_core.package_identification:_identify(install) ignored
[9.818s] Level 1:colcon.colcon_core.package_identification:_identify(log) by extensions ['ignore', 'ignore_ament_install']
[9.818s] Level 1:colcon.colcon_core.package_identification:_identify(log) by extension 'ignore'
[9.819s] Level 1:colcon.colcon_core.package_identification:_identify(log) ignored
[9.819s] Level 1:colcon.colcon_core.package_identification:_identify(src) by extensions ['ignore', 'ignore_ament_install']
[9.819s] Level 1:colcon.colcon_core.package_identification:_identify(src) by extension 'ignore'
[9.819s] Level 1:colcon.colcon_core.package_identification:_identify(src) by extension 'ignore_ament_install'
[9.819s] Level 1:colcon.colcon_core.package_identification:_identify(src) by extensions ['colcon_pkg']
[9.819s] Level 1:colcon.colcon_core.package_identification:_identify(src) by extension 'colcon_pkg'
[9.819s] Level 1:colcon.colcon_core.package_identification:_identify(src) by extensions ['colcon_meta']
[9.819s] Level 1:colcon.colcon_core.package_identification:_identify(src) by extension 'colcon_meta'
[9.820s] Level 1:colcon.colcon_core.package_identification:_identify(src) by extensions ['ros']
[9.820s] Level 1:colcon.colcon_core.package_identification:_identify(src) by extension 'ros'
[9.820s] Level 1:colcon.colcon_core.package_identification:_identify(src) by extensions ['cmake', 'python']
[9.820s] Level 1:colcon.colcon_core.package_identification:_identify(src) by extension 'cmake'
[9.820s] Level 1:colcon.colcon_core.package_identification:_identify(src) by extension 'python'
[9.820s] Level 1:colcon.colcon_core.package_identification:_identify(src) by extensions ['python_setup_py']
[9.820s] Level 1:colcon.colcon_core.package_identification:_identify(src) by extension 'python_setup_py'
[9.821s] Level 1:colcon.colcon_core.package_identification:_identify(src/hosbot_pkg) by extensions ['ignore', 'ignore_ament_install']
[9.821s] Level 1:colcon.colcon_core.package_identification:_identify(src/hosbot_pkg) by extension 'ignore'
[9.821s] Level 1:colcon.colcon_core.package_identification:_identify(src/hosbot_pkg) by extension 'ignore_ament_install'
[9.821s] Level 1:colcon.colcon_core.package_identification:_identify(src/hosbot_pkg) by extensions ['colcon_pkg']
[9.821s] Level 1:colcon.colcon_core.package_identification:_identify(src/hosbot_pkg) by extension 'colcon_pkg'
[9.821s] Level 1:colcon.colcon_core.package_identification:_identify(src/hosbot_pkg) by extensions ['colcon_meta']
[9.821s] Level 1:colcon.colcon_core.package_identification:_identify(src/hosbot_pkg) by extension 'colcon_meta'
[9.821s] Level 1:colcon.colcon_core.package_identification:_identify(src/hosbot_pkg) by extensions ['ros']
[9.821s] Level 1:colcon.colcon_core.package_identification:_identify(src/hosbot_pkg) by extension 'ros'
[9.860s] DEBUG:colcon.colcon_core.package_identification:Package 'src/hosbot_pkg' with type 'ros.ament_cmake' and name 'hosbot_pkg'
[9.860s] Level 1:colcon.colcon_core.package_discovery:discover_packages(recursive) using defaults
[9.861s] Level 1:colcon.colcon_core.package_discovery:discover_packages(ignore) discover
[9.861s] Level 1:colcon.colcon_core.package_discovery:discover_packages(ignore) using defaults
[9.861s] Level 1:colcon.colcon_core.package_discovery:discover_packages(path) discover
[9.861s] Level 1:colcon.colcon_core.package_discovery:discover_packages(path) using defaults
[10.243s] Level 1:colcon.colcon_core.package_discovery:discover_packages(prefix_path) check parameters
[10.244s] Level 1:colcon.colcon_core.package_discovery:discover_packages(prefix_path) discover
[10.293s] DEBUG:colcon.colcon_installed_package_information.package_discovery:Found 1 installed packages in /home/devrobot/hosbot_dev_ws/install
[10.313s] DEBUG:colcon.colcon_installed_package_information.package_discovery:Found 280 installed packages in /opt/ros/humble
[10.339s] Level 1:colcon.colcon_core.package_discovery:discover_packages(prefix_path) using defaults
[12.708s] Level 5:colcon.colcon_core.verb:set package 'hosbot_pkg' build argument 'cmake_args' from command line to 'None'
[12.708s] Level 5:colcon.colcon_core.verb:set package 'hosbot_pkg' build argument 'cmake_target' from command line to 'None'
[12.708s] Level 5:colcon.colcon_core.verb:set package 'hosbot_pkg' build argument 'cmake_target_skip_unavailable' from command line to 'False'
[12.709s] Level 5:colcon.colcon_core.verb:set package 'hosbot_pkg' build argument 'cmake_clean_cache' from command line to 'False'
[12.709s] Level 5:colcon.colcon_core.verb:set package 'hosbot_pkg' build argument 'cmake_clean_first' from command line to 'False'
[12.709s] Level 5:colcon.colcon_core.verb:set package 'hosbot_pkg' build argument 'cmake_force_configure' from command line to 'False'
[12.709s] Level 5:colcon.colcon_core.verb:set package 'hosbot_pkg' build argument 'ament_cmake_args' from command line to 'None'
[12.709s] Level 5:colcon.colcon_core.verb:set package 'hosbot_pkg' build argument 'catkin_cmake_args' from command line to 'None'
[12.709s] Level 5:colcon.colcon_core.verb:set package 'hosbot_pkg' build argument 'catkin_skip_building_tests' from command line to 'False'
[12.709s] DEBUG:colcon.colcon_core.verb:Building package 'hosbot_pkg' with the following arguments: {'ament_cmake_args': None, 'build_base': '/home/devrobot/hosbot_dev_ws/build/hosbot_pkg', 'catkin_cmake_args': None, 'catkin_skip_building_tests': False, 'cmake_args': None, 'cmake_clean_cache': False, 'cmake_clean_first': False, 'cmake_force_configure': False, 'cmake_target': None, 'cmake_target_skip_unavailable': False, 'install_base': '/home/devrobot/hosbot_dev_ws/install/hosbot_pkg', 'merge_install': False, 'path': '/home/devrobot/hosbot_dev_ws/src/hosbot_pkg', 'symlink_install': True, 'test_result_base': None}
[12.709s] INFO:colcon.colcon_core.executor:Executing jobs using 'parallel' executor
[12.711s] DEBUG:colcon.colcon_parallel_executor.executor.parallel:run_until_complete
[12.712s] INFO:colcon.colcon_ros.task.ament_cmake.build:Building ROS package in '/home/devrobot/hosbot_dev_ws/src/hosbot_pkg' with build type 'ament_cmake'
[12.712s] INFO:colcon.colcon_cmake.task.cmake.build:Building CMake package in '/home/devrobot/hosbot_dev_ws/src/hosbot_pkg'
[12.923s] INFO:colcon.colcon_core.plugin_system:Skipping extension 'colcon_core.shell.bat': Not used on non-Windows systems
[12.924s] INFO:colcon.colcon_core.shell:Skip shell extension 'powershell' for command environment: Not usable outside of PowerShell
[12.924s] DEBUG:colcon.colcon_core.shell:Skip shell extension 'dsv' for command environment
[12.973s] DEBUG:colcon.colcon_core.event_handler.log_command:Invoking command in '/home/devrobot/hosbot_dev_ws/build/hosbot_pkg': CMAKE_PREFIX_PATH=${CMAKE_PREFIX_PATH}:/opt/ros/humble /usr/bin/cmake --build /home/devrobot/hosbot_dev_ws/build/hosbot_pkg -- -j4 -l4
[13.416s] DEBUG:colcon.colcon_core.event_handler.log_command:Invoked command in '/home/devrobot/hosbot_dev_ws/build/hosbot_pkg' returned '0': CMAKE_PREFIX_PATH=${CMAKE_PREFIX_PATH}:/opt/ros/humble /usr/bin/cmake --build /home/devrobot/hosbot_dev_ws/build/hosbot_pkg -- -j4 -l4
[13.469s] DEBUG:colcon.colcon_core.event_handler.log_command:Invoking command in '/home/devrobot/hosbot_dev_ws/build/hosbot_pkg': CMAKE_PREFIX_PATH=${CMAKE_PREFIX_PATH}:/opt/ros/humble /usr/bin/cmake --install /home/devrobot/hosbot_dev_ws/build/hosbot_pkg
[13.563s] Level 1:colcon.colcon_core.environment:create_environment_scripts_only(hosbot_pkg)
[13.564s] DEBUG:colcon.colcon_core.event_handler.log_command:Invoked command in '/home/devrobot/hosbot_dev_ws/build/hosbot_pkg' returned '0': CMAKE_PREFIX_PATH=${CMAKE_PREFIX_PATH}:/opt/ros/humble /usr/bin/cmake --install /home/devrobot/hosbot_dev_ws/build/hosbot_pkg
[13.624s] Level 1:colcon.colcon_core.environment:checking '/home/devrobot/hosbot_dev_ws/install/hosbot_pkg' for CMake module files
[13.625s] Level 1:colcon.colcon_core.environment:checking '/home/devrobot/hosbot_dev_ws/install/hosbot_pkg' for CMake config files
[13.626s] Level 1:colcon.colcon_core.shell:create_environment_hook('hosbot_pkg', 'cmake_prefix_path')
[13.626s] INFO:colcon.colcon_core.shell:Creating environment hook '/home/devrobot/hosbot_dev_ws/install/hosbot_pkg/share/hosbot_pkg/hook/cmake_prefix_path.ps1'
[13.641s] INFO:colcon.colcon_core.shell:Creating environment descriptor '/home/devrobot/hosbot_dev_ws/install/hosbot_pkg/share/hosbot_pkg/hook/cmake_prefix_path.dsv'
[13.649s] INFO:colcon.colcon_core.shell:Creating environment hook '/home/devrobot/hosbot_dev_ws/install/hosbot_pkg/share/hosbot_pkg/hook/cmake_prefix_path.sh'
[13.653s] Level 1:colcon.colcon_core.environment:checking '/home/devrobot/hosbot_dev_ws/install/hosbot_pkg/bin'
[13.653s] Level 1:colcon.colcon_core.environment:checking '/home/devrobot/hosbot_dev_ws/install/hosbot_pkg/lib/pkgconfig/hosbot_pkg.pc'
[13.654s] Level 1:colcon.colcon_core.environment:checking '/home/devrobot/hosbot_dev_ws/install/hosbot_pkg/lib/python3.10/site-packages'
[13.655s] Level 1:colcon.colcon_core.environment:checking '/home/devrobot/hosbot_dev_ws/install/hosbot_pkg/bin'
[13.656s] INFO:colcon.colcon_core.shell:Creating package script '/home/devrobot/hosbot_dev_ws/install/hosbot_pkg/share/hosbot_pkg/package.ps1'
[13.659s] INFO:colcon.colcon_core.shell:Creating package descriptor '/home/devrobot/hosbot_dev_ws/install/hosbot_pkg/share/hosbot_pkg/package.dsv'
[13.660s] INFO:colcon.colcon_core.shell:Creating package script '/home/devrobot/hosbot_dev_ws/install/hosbot_pkg/share/hosbot_pkg/package.sh'
[13.662s] INFO:colcon.colcon_core.shell:Creating package script '/home/devrobot/hosbot_dev_ws/install/hosbot_pkg/share/hosbot_pkg/package.bash'
[13.684s] INFO:colcon.colcon_core.shell:Creating package script '/home/devrobot/hosbot_dev_ws/install/hosbot_pkg/share/hosbot_pkg/package.zsh'
[13.712s] Level 1:colcon.colcon_core.environment:create_file_with_runtime_dependencies(/home/devrobot/hosbot_dev_ws/install/hosbot_pkg/share/colcon-core/packages/hosbot_pkg)
[13.751s] Level 1:colcon.colcon_core.environment:create_environment_scripts_only(hosbot_pkg)
[13.751s] Level 1:colcon.colcon_core.environment:checking '/home/devrobot/hosbot_dev_ws/install/hosbot_pkg' for CMake module files
[13.752s] Level 1:colcon.colcon_core.environment:checking '/home/devrobot/hosbot_dev_ws/install/hosbot_pkg' for CMake config files
[13.753s] Level 1:colcon.colcon_core.shell:create_environment_hook('hosbot_pkg', 'cmake_prefix_path')
[13.753s] INFO:colcon.colcon_core.shell:Creating environment hook '/home/devrobot/hosbot_dev_ws/install/hosbot_pkg/share/hosbot_pkg/hook/cmake_prefix_path.ps1'
[13.754s] INFO:colcon.colcon_core.shell:Creating environment descriptor '/home/devrobot/hosbot_dev_ws/install/hosbot_pkg/share/hosbot_pkg/hook/cmake_prefix_path.dsv'
[13.754s] INFO:colcon.colcon_core.shell:Creating environment hook '/home/devrobot/hosbot_dev_ws/install/hosbot_pkg/share/hosbot_pkg/hook/cmake_prefix_path.sh'
[13.755s] Level 1:colcon.colcon_core.environment:checking '/home/devrobot/hosbot_dev_ws/install/hosbot_pkg/bin'
[13.755s] Level 1:colcon.colcon_core.environment:checking '/home/devrobot/hosbot_dev_ws/install/hosbot_pkg/lib/pkgconfig/hosbot_pkg.pc'
[13.756s] Level 1:colcon.colcon_core.environment:checking '/home/devrobot/hosbot_dev_ws/install/hosbot_pkg/lib/python3.10/site-packages'
[13.756s] Level 1:colcon.colcon_core.environment:checking '/home/devrobot/hosbot_dev_ws/install/hosbot_pkg/bin'
[13.756s] INFO:colcon.colcon_core.shell:Creating package script '/home/devrobot/hosbot_dev_ws/install/hosbot_pkg/share/hosbot_pkg/package.ps1'
[13.757s] INFO:colcon.colcon_core.shell:Creating package descriptor '/home/devrobot/hosbot_dev_ws/install/hosbot_pkg/share/hosbot_pkg/package.dsv'
[13.758s] INFO:colcon.colcon_core.shell:Creating package script '/home/devrobot/hosbot_dev_ws/install/hosbot_pkg/share/hosbot_pkg/package.sh'
[13.758s] INFO:colcon.colcon_core.shell:Creating package script '/home/devrobot/hosbot_dev_ws/install/hosbot_pkg/share/hosbot_pkg/package.bash'
[13.759s] INFO:colcon.colcon_core.shell:Creating package script '/home/devrobot/hosbot_dev_ws/install/hosbot_pkg/share/hosbot_pkg/package.zsh'
[13.760s] Level 1:colcon.colcon_core.environment:create_file_with_runtime_dependencies(/home/devrobot/hosbot_dev_ws/install/hosbot_pkg/share/colcon-core/packages/hosbot_pkg)
[13.762s] DEBUG:colcon.colcon_parallel_executor.executor.parallel:closing loop
[13.762s] DEBUG:colcon.colcon_parallel_executor.executor.parallel:loop closed
[13.763s] DEBUG:colcon.colcon_parallel_executor.executor.parallel:run_until_complete finished with '0'
[13.763s] DEBUG:colcon.colcon_core.event_reactor:joining thread
[13.838s] INFO:colcon.colcon_core.plugin_system:Skipping extension 'colcon_notification.desktop_notification.terminal_notifier': Not used on non-Darwin systems
[13.838s] INFO:colcon.colcon_core.plugin_system:Skipping extension 'colcon_notification.desktop_notification.win32': Not used on non-Windows systems
[13.838s] INFO:colcon.colcon_notification.desktop_notification:Sending desktop notification using 'notify2'
[13.857s] DEBUG:colcon.colcon_core.event_reactor:joined thread
[13.858s] INFO:colcon.colcon_core.shell:Creating prefix script '/home/devrobot/hosbot_dev_ws/install/local_setup.ps1'
[13.875s] INFO:colcon.colcon_core.shell:Creating prefix util module '/home/devrobot/hosbot_dev_ws/install/_local_setup_util_ps1.py'
[13.884s] INFO:colcon.colcon_core.shell:Creating prefix chain script '/home/devrobot/hosbot_dev_ws/install/setup.ps1'
[13.886s] INFO:colcon.colcon_core.shell:Creating prefix script '/home/devrobot/hosbot_dev_ws/install/local_setup.sh'
[13.887s] INFO:colcon.colcon_core.shell:Creating prefix util module '/home/devrobot/hosbot_dev_ws/install/_local_setup_util_sh.py'
[13.888s] INFO:colcon.colcon_core.shell:Creating prefix chain script '/home/devrobot/hosbot_dev_ws/install/setup.sh'
[13.893s] INFO:colcon.colcon_core.shell:Creating prefix script '/home/devrobot/hosbot_dev_ws/install/local_setup.bash'
[13.906s] INFO:colcon.colcon_core.shell:Creating prefix chain script '/home/devrobot/hosbot_dev_ws/install/setup.bash'
[13.910s] INFO:colcon.colcon_core.shell:Creating prefix script '/home/devrobot/hosbot_dev_ws/install/local_setup.zsh'
[13.912s] INFO:colcon.colcon_core.shell:Creating prefix chain script '/home/devrobot/hosbot_dev_ws/install/setup.zsh'
