[0.031s] Invoking command in '/home/devrobot/hosbot_dev_ws/build/hosbot_pkg': CMAKE_PREFIX_PATH=/opt/ros/humble /usr/bin/cmake /home/devrobot/hosbot_dev_ws/src/hosbot_pkg -DAMENT_CMAKE_SYMLINK_INSTALL=1 -DCMAKE_INSTALL_PREFIX=/home/devrobot/hosbot_dev_ws/install/hosbot_pkg
[1.691s] -- The C compiler identification is GNU 11.4.0
[2.306s] -- The CXX compiler identification is GNU 11.4.0
[2.375s] -- Detecting C compiler ABI info
[2.700s] -- Detecting C compiler ABI info - done
[2.716s] -- Check for working C compiler: /usr/bin/cc - skipped
[2.716s] -- Detecting C compile features
[2.736s] -- Detecting C compile features - done
[2.748s] -- Detecting CXX compiler ABI info
[2.946s] -- Detecting CXX compiler ABI info - done
[2.958s] -- Check for working CXX compiler: /usr/bin/c++ - skipped
[2.958s] -- Detecting CXX compile features
[2.959s] -- Detecting CXX compile features - done
[3.059s] -- Found ament_cmake: 1.3.8 (/opt/ros/humble/share/ament_cmake/cmake)
[3.376s] -- Found Python3: /usr/bin/python3 (found version "3.10.12") found components: Interpreter 
[3.557s] -- Override CMake install command with custom implementation using symlinks instead of copying resources
[3.764s] -- Found ament_lint_auto: 0.12.10 (/opt/ros/humble/share/ament_lint_auto/cmake)
[4.016s] -- Added test 'flake8' to check Python code syntax and style conventions
[4.018s] -- Added test 'lint_cmake' to check CMake code style
[4.020s] -- Added test 'pep257' to check Python code against some of the docstring style conventions in PEP 257
[4.023s] -- Added test 'xmllint' to check XML markup files
[4.045s] -- Configuring done
[4.053s] -- Generating done
[4.056s] -- Build files have been written to: /home/devrobot/hosbot_dev_ws/build/hosbot_pkg
[4.065s] Invoked command in '/home/devrobot/hosbot_dev_ws/build/hosbot_pkg' returned '0': CMAKE_PREFIX_PATH=/opt/ros/humble /usr/bin/cmake /home/devrobot/hosbot_dev_ws/src/hosbot_pkg -DAMENT_CMAKE_SYMLINK_INSTALL=1 -DCMAKE_INSTALL_PREFIX=/home/devrobot/hosbot_dev_ws/install/hosbot_pkg
[4.068s] Invoking command in '/home/devrobot/hosbot_dev_ws/build/hosbot_pkg': CMAKE_PREFIX_PATH=/opt/ros/humble /usr/bin/cmake --build /home/devrobot/hosbot_dev_ws/build/hosbot_pkg -- -j4 -l4
[4.125s] Invoked command in '/home/devrobot/hosbot_dev_ws/build/hosbot_pkg' returned '0': CMAKE_PREFIX_PATH=/opt/ros/humble /usr/bin/cmake --build /home/devrobot/hosbot_dev_ws/build/hosbot_pkg -- -j4 -l4
[4.172s] Invoking command in '/home/devrobot/hosbot_dev_ws/build/hosbot_pkg': CMAKE_PREFIX_PATH=/opt/ros/humble /usr/bin/cmake --install /home/devrobot/hosbot_dev_ws/build/hosbot_pkg
[4.182s] -- Install configuration: ""
[4.182s] -- Execute custom install script
[4.183s] -- Symlinking: /home/devrobot/hosbot_dev_ws/install/hosbot_pkg/share/ament_index/resource_index/package_run_dependencies/hosbot_pkg
[4.197s] -- Symlinking: /home/devrobot/hosbot_dev_ws/install/hosbot_pkg/share/ament_index/resource_index/parent_prefix_path/hosbot_pkg
[4.212s] -- Symlinking: /home/devrobot/hosbot_dev_ws/install/hosbot_pkg/share/hosbot_pkg/environment/ament_prefix_path.sh
[4.225s] -- Symlinking: /home/devrobot/hosbot_dev_ws/install/hosbot_pkg/share/hosbot_pkg/environment/ament_prefix_path.dsv
[4.238s] -- Symlinking: /home/devrobot/hosbot_dev_ws/install/hosbot_pkg/share/hosbot_pkg/environment/path.sh
[4.252s] -- Symlinking: /home/devrobot/hosbot_dev_ws/install/hosbot_pkg/share/hosbot_pkg/environment/path.dsv
[4.265s] -- Symlinking: /home/devrobot/hosbot_dev_ws/install/hosbot_pkg/share/hosbot_pkg/local_setup.bash
[4.278s] -- Symlinking: /home/devrobot/hosbot_dev_ws/install/hosbot_pkg/share/hosbot_pkg/local_setup.sh
[4.292s] -- Symlinking: /home/devrobot/hosbot_dev_ws/install/hosbot_pkg/share/hosbot_pkg/local_setup.zsh
[4.305s] -- Symlinking: /home/devrobot/hosbot_dev_ws/install/hosbot_pkg/share/hosbot_pkg/local_setup.dsv
[4.318s] -- Symlinking: /home/devrobot/hosbot_dev_ws/install/hosbot_pkg/share/hosbot_pkg/package.dsv
[4.332s] -- Symlinking: /home/devrobot/hosbot_dev_ws/install/hosbot_pkg/share/ament_index/resource_index/packages/hosbot_pkg
[4.345s] -- Symlinking: /home/devrobot/hosbot_dev_ws/install/hosbot_pkg/share/hosbot_pkg/cmake/hosbot_pkgConfig.cmake
[4.360s] -- Symlinking: /home/devrobot/hosbot_dev_ws/install/hosbot_pkg/share/hosbot_pkg/cmake/hosbot_pkgConfig-version.cmake
[4.373s] -- Symlinking: /home/devrobot/hosbot_dev_ws/install/hosbot_pkg/share/hosbot_pkg/package.xml
[4.390s] Invoked command in '/home/devrobot/hosbot_dev_ws/build/hosbot_pkg' returned '0': CMAKE_PREFIX_PATH=/opt/ros/humble /usr/bin/cmake --install /home/devrobot/hosbot_dev_ws/build/hosbot_pkg
