[0.260s] Invoking command in '/home/devrobot/hosbot_dev_ws/build/hosbot_pkg': CMAKE_PREFIX_PATH=${CMAKE_PREFIX_PATH}:/opt/ros/humble /usr/bin/cmake --build /home/devrobot/hosbot_dev_ws/build/hosbot_pkg -- -j4 -l4
[0.703s] Invoked command in '/home/devrobot/hosbot_dev_ws/build/hosbot_pkg' returned '0': CMAKE_PREFIX_PATH=${CMAKE_PREFIX_PATH}:/opt/ros/humble /usr/bin/cmake --build /home/devrobot/hosbot_dev_ws/build/hosbot_pkg -- -j4 -l4
[0.756s] Invoking command in '/home/devrobot/hosbot_dev_ws/build/hosbot_pkg': CMAKE_PREFIX_PATH=${CMAKE_PREFIX_PATH}:/opt/ros/humble /usr/bin/cmake --install /home/devrobot/hosbot_dev_ws/build/hosbot_pkg
[0.781s] -- Install configuration: ""
[0.789s] -- Execute custom install script
[0.796s] -- Up-to-date symlink: /home/devrobot/hosbot_dev_ws/install/hosbot_pkg/share/hosbot_pkg/config/view_bot.rviz
[0.798s] -- Up-to-date symlink: /home/devrobot/hosbot_dev_ws/install/hosbot_pkg/share/hosbot_pkg/description/gazebo_control.xacro
[0.813s] -- Up-to-date symlink: /home/devrobot/hosbot_dev_ws/install/hosbot_pkg/share/hosbot_pkg/description/gazebo_controll.xacro
[0.813s] -- Up-to-date symlink: /home/devrobot/hosbot_dev_ws/install/hosbot_pkg/share/hosbot_pkg/description/inertial_macros.xacro
[0.814s] -- Up-to-date symlink: /home/devrobot/hosbot_dev_ws/install/hosbot_pkg/share/hosbot_pkg/description/robot.urdf.xacro
[0.814s] -- Up-to-date symlink: /home/devrobot/hosbot_dev_ws/install/hosbot_pkg/share/hosbot_pkg/description/robot_core.xacro
[0.815s] -- Up-to-date symlink: /home/devrobot/hosbot_dev_ws/install/hosbot_pkg/share/hosbot_pkg/description/robot_coree.xacro
[0.816s] -- Up-to-date symlink: /home/devrobot/hosbot_dev_ws/install/hosbot_pkg/share/hosbot_pkg/launch/launch_sim.launch.py
[0.817s] -- Up-to-date symlink: /home/devrobot/hosbot_dev_ws/install/hosbot_pkg/share/hosbot_pkg/launch/rsp.launch.py
[0.822s] -- Up-to-date symlink: /home/devrobot/hosbot_dev_ws/install/hosbot_pkg/share/ament_index/resource_index/package_run_dependencies/hosbot_pkg
[0.822s] -- Up-to-date symlink: /home/devrobot/hosbot_dev_ws/install/hosbot_pkg/share/ament_index/resource_index/parent_prefix_path/hosbot_pkg
[0.824s] -- Up-to-date symlink: /home/devrobot/hosbot_dev_ws/install/hosbot_pkg/share/hosbot_pkg/environment/ament_prefix_path.sh
[0.824s] -- Up-to-date symlink: /home/devrobot/hosbot_dev_ws/install/hosbot_pkg/share/hosbot_pkg/environment/ament_prefix_path.dsv
[0.825s] -- Up-to-date symlink: /home/devrobot/hosbot_dev_ws/install/hosbot_pkg/share/hosbot_pkg/environment/path.sh
[0.826s] -- Up-to-date symlink: /home/devrobot/hosbot_dev_ws/install/hosbot_pkg/share/hosbot_pkg/environment/path.dsv
[0.826s] -- Up-to-date symlink: /home/devrobot/hosbot_dev_ws/install/hosbot_pkg/share/hosbot_pkg/local_setup.bash
[0.827s] -- Up-to-date symlink: /home/devrobot/hosbot_dev_ws/install/hosbot_pkg/share/hosbot_pkg/local_setup.sh
[0.828s] -- Up-to-date symlink: /home/devrobot/hosbot_dev_ws/install/hosbot_pkg/share/hosbot_pkg/local_setup.zsh
[0.828s] -- Up-to-date symlink: /home/devrobot/hosbot_dev_ws/install/hosbot_pkg/share/hosbot_pkg/local_setup.dsv
[0.829s] -- Symlinking: /home/devrobot/hosbot_dev_ws/install/hosbot_pkg/share/hosbot_pkg/package.dsv
[0.845s] -- Up-to-date symlink: /home/devrobot/hosbot_dev_ws/install/hosbot_pkg/share/ament_index/resource_index/packages/hosbot_pkg
[0.846s] -- Up-to-date symlink: /home/devrobot/hosbot_dev_ws/install/hosbot_pkg/share/hosbot_pkg/cmake/hosbot_pkgConfig.cmake
[0.846s] -- Up-to-date symlink: /home/devrobot/hosbot_dev_ws/install/hosbot_pkg/share/hosbot_pkg/cmake/hosbot_pkgConfig-version.cmake
[0.847s] -- Up-to-date symlink: /home/devrobot/hosbot_dev_ws/install/hosbot_pkg/share/hosbot_pkg/package.xml
[0.851s] Invoked command in '/home/devrobot/hosbot_dev_ws/build/hosbot_pkg' returned '0': CMAKE_PREFIX_PATH=${CMAKE_PREFIX_PATH}:/opt/ros/humble /usr/bin/cmake --install /home/devrobot/hosbot_dev_ws/build/hosbot_pkg
