[0.103s] Invoking command in '/home/devrobot/hosbot_dev_ws/build/hosbot_pkg': CMAKE_PREFIX_PATH=${CMAKE_PREFIX_PATH}:/opt/ros/humble /usr/bin/cmake --build /home/devrobot/hosbot_dev_ws/build/hosbot_pkg -- -j4 -l4
[0.465s] Invoked command in '/home/devrobot/hosbot_dev_ws/build/hosbot_pkg' returned '0': CMAKE_PREFIX_PATH=${CMAKE_PREFIX_PATH}:/opt/ros/humble /usr/bin/cmake --build /home/devrobot/hosbot_dev_ws/build/hosbot_pkg -- -j4 -l4
[0.741s] Invoking command in '/home/devrobot/hosbot_dev_ws/build/hosbot_pkg': CMAKE_PREFIX_PATH=${CMAKE_PREFIX_PATH}:/opt/ros/humble /usr/bin/cmake --install /home/devrobot/hosbot_dev_ws/build/hosbot_pkg
[0.853s] -- Install configuration: ""
[0.871s] -- Execute custom install script
[0.884s] -- Up-to-date symlink: /home/devrobot/hosbot_dev_ws/install/hosbot_pkg/share/hosbot_pkg/config/view_bot.rviz
[0.889s] -- Up-to-date symlink: /home/devrobot/hosbot_dev_ws/install/hosbot_pkg/share/hosbot_pkg/description/gazebo_control.xacro
[0.891s] -- Up-to-date symlink: /home/devrobot/hosbot_dev_ws/install/hosbot_pkg/share/hosbot_pkg/description/gazebo_controll.xacro
[0.899s] -- Up-to-date symlink: /home/devrobot/hosbot_dev_ws/install/hosbot_pkg/share/hosbot_pkg/description/inertial_macros.xacro
[0.900s] -- Up-to-date symlink: /home/devrobot/hosbot_dev_ws/install/hosbot_pkg/share/hosbot_pkg/description/robot.urdf.xacro
[0.901s] -- Up-to-date symlink: /home/devrobot/hosbot_dev_ws/install/hosbot_pkg/share/hosbot_pkg/description/robot_core.xacro
[0.902s] -- Up-to-date symlink: /home/devrobot/hosbot_dev_ws/install/hosbot_pkg/share/hosbot_pkg/description/robot_coree.xacro
[0.905s] -- Up-to-date symlink: /home/devrobot/hosbot_dev_ws/install/hosbot_pkg/share/hosbot_pkg/launch/launch_sim.launch.py
[0.906s] -- Up-to-date symlink: /home/devrobot/hosbot_dev_ws/install/hosbot_pkg/share/hosbot_pkg/launch/launch_sim_diff.launch.py
[0.907s] -- Up-to-date symlink: /home/devrobot/hosbot_dev_ws/install/hosbot_pkg/share/hosbot_pkg/launch/rsp.launch.py
[0.919s] -- Up-to-date symlink: /home/devrobot/hosbot_dev_ws/install/hosbot_pkg/share/ament_index/resource_index/package_run_dependencies/hosbot_pkg
[0.944s] -- Up-to-date symlink: /home/devrobot/hosbot_dev_ws/install/hosbot_pkg/share/ament_index/resource_index/parent_prefix_path/hosbot_pkg
[0.947s] -- Up-to-date symlink: /home/devrobot/hosbot_dev_ws/install/hosbot_pkg/share/hosbot_pkg/environment/ament_prefix_path.sh
[0.949s] -- Up-to-date symlink: /home/devrobot/hosbot_dev_ws/install/hosbot_pkg/share/hosbot_pkg/environment/ament_prefix_path.dsv
[0.964s] -- Up-to-date symlink: /home/devrobot/hosbot_dev_ws/install/hosbot_pkg/share/hosbot_pkg/environment/path.sh
[0.968s] -- Up-to-date symlink: /home/devrobot/hosbot_dev_ws/install/hosbot_pkg/share/hosbot_pkg/environment/path.dsv
[0.987s] -- Up-to-date symlink: /home/devrobot/hosbot_dev_ws/install/hosbot_pkg/share/hosbot_pkg/local_setup.bash
[0.995s] -- Up-to-date symlink: /home/devrobot/hosbot_dev_ws/install/hosbot_pkg/share/hosbot_pkg/local_setup.sh
[0.996s] -- Up-to-date symlink: /home/devrobot/hosbot_dev_ws/install/hosbot_pkg/share/hosbot_pkg/local_setup.zsh
[0.997s] -- Up-to-date symlink: /home/devrobot/hosbot_dev_ws/install/hosbot_pkg/share/hosbot_pkg/local_setup.dsv
[1.002s] -- Symlinking: /home/devrobot/hosbot_dev_ws/install/hosbot_pkg/share/hosbot_pkg/package.dsv
[1.215s] -- Up-to-date symlink: /home/devrobot/hosbot_dev_ws/install/hosbot_pkg/share/ament_index/resource_index/packages/hosbot_pkg
[1.217s] -- Up-to-date symlink: /home/devrobot/hosbot_dev_ws/install/hosbot_pkg/share/hosbot_pkg/cmake/hosbot_pkgConfig.cmake
[1.219s] -- Up-to-date symlink: /home/devrobot/hosbot_dev_ws/install/hosbot_pkg/share/hosbot_pkg/cmake/hosbot_pkgConfig-version.cmake
[1.225s] -- Up-to-date symlink: /home/devrobot/hosbot_dev_ws/install/hosbot_pkg/share/hosbot_pkg/package.xml
[1.271s] Invoked command in '/home/devrobot/hosbot_dev_ws/build/hosbot_pkg' returned '0': CMAKE_PREFIX_PATH=${CMAKE_PREFIX_PATH}:/opt/ros/humble /usr/bin/cmake --install /home/devrobot/hosbot_dev_ws/build/hosbot_pkg
