[0.988s] DEBUG:colcon:Command line arguments: ['/usr/bin/colcon', 'build', '--symlink-install']
[0.988s] DEBUG:colcon:Parsed command line arguments: Namespace(log_base=None, log_level=None, verb_name='build', build_base='build', install_base='install', merge_install=False, symlink_install=True, test_result_base=None, continue_on_error=False, executor='parallel', parallel_workers=4, event_handlers=None, ignore_user_meta=False, metas=['./colcon.meta'], base_paths=['.'], packages_ignore=None, packages_ignore_regex=None, paths=None, packages_up_to=None, packages_up_to_regex=None, packages_above=None, packages_above_and_dependencies=None, packages_above_depth=None, packages_select_by_dep=None, packages_skip_by_dep=None, packages_skip_up_to=None, packages_select_build_failed=False, packages_skip_build_finished=False, packages_select_test_failures=False, packages_skip_test_passed=False, packages_select=None, packages_skip=None, packages_select_regex=None, packages_skip_regex=None, packages_start=None, packages_end=None, allow_overriding=[], cmake_args=None, cmake_target=None, cmake_target_skip_unavailable=False, cmake_clean_cache=False, cmake_clean_first=False, cmake_force_configure=False, ament_cmake_args=None, catkin_cmake_args=None, catkin_skip_building_tests=False, verb_parser=<colcon_defaults.argument_parser.defaults.DefaultArgumentsDecorator object at 0x7916a8d04520>, verb_extension=<colcon_core.verb.build.BuildVerb object at 0x7916a8cc7c10>, main=<bound method BuildVerb.main of <colcon_core.verb.build.BuildVerb object at 0x7916a8cc7c10>>)
[2.665s] Level 1:colcon.colcon_core.package_discovery:discover_packages(colcon_meta) check parameters
[2.666s] Level 1:colcon.colcon_core.package_discovery:discover_packages(recursive) check parameters
[2.666s] Level 1:colcon.colcon_core.package_discovery:discover_packages(ignore) check parameters
[2.667s] Level 1:colcon.colcon_core.package_discovery:discover_packages(path) check parameters
[2.667s] Level 1:colcon.colcon_core.package_discovery:discover_packages(colcon_meta) discover
[2.668s] Level 1:colcon.colcon_core.package_discovery:discover_packages(recursive) discover
[2.668s] INFO:colcon.colcon_core.package_discovery:Crawling recursively for packages in '/home/devrobot/hosbot_dev_ws'
[2.669s] Level 1:colcon.colcon_core.package_identification:_identify(.) by extensions ['ignore', 'ignore_ament_install']
[2.671s] Level 1:colcon.colcon_core.package_identification:_identify(.) by extension 'ignore'
[2.671s] Level 1:colcon.colcon_core.package_identification:_identify(.) by extension 'ignore_ament_install'
[2.672s] Level 1:colcon.colcon_core.package_identification:_identify(.) by extensions ['colcon_pkg']
[2.673s] Level 1:colcon.colcon_core.package_identification:_identify(.) by extension 'colcon_pkg'
[2.673s] Level 1:colcon.colcon_core.package_identification:_identify(.) by extensions ['colcon_meta']
[2.674s] Level 1:colcon.colcon_core.package_identification:_identify(.) by extension 'colcon_meta'
[2.675s] Level 1:colcon.colcon_core.package_identification:_identify(.) by extensions ['ros']
[2.675s] Level 1:colcon.colcon_core.package_identification:_identify(.) by extension 'ros'
[2.771s] Level 1:colcon.colcon_core.package_identification:_identify(.) by extensions ['cmake', 'python']
[2.771s] Level 1:colcon.colcon_core.package_identification:_identify(.) by extension 'cmake'
[2.772s] Level 1:colcon.colcon_core.package_identification:_identify(.) by extension 'python'
[2.773s] Level 1:colcon.colcon_core.package_identification:_identify(.) by extensions ['python_setup_py']
[2.773s] Level 1:colcon.colcon_core.package_identification:_identify(.) by extension 'python_setup_py'
[2.775s] Level 1:colcon.colcon_core.package_identification:_identify(build) by extensions ['ignore', 'ignore_ament_install']
[2.776s] Level 1:colcon.colcon_core.package_identification:_identify(build) by extension 'ignore'
[2.776s] Level 1:colcon.colcon_core.package_identification:_identify(build) ignored
[2.778s] Level 1:colcon.colcon_core.package_identification:_identify(install) by extensions ['ignore', 'ignore_ament_install']
[2.779s] Level 1:colcon.colcon_core.package_identification:_identify(install) by extension 'ignore'
[2.780s] Level 1:colcon.colcon_core.package_identification:_identify(install) ignored
[2.781s] Level 1:colcon.colcon_core.package_identification:_identify(log) by extensions ['ignore', 'ignore_ament_install']
[2.782s] Level 1:colcon.colcon_core.package_identification:_identify(log) by extension 'ignore'
[2.783s] Level 1:colcon.colcon_core.package_identification:_identify(log) ignored
[2.784s] Level 1:colcon.colcon_core.package_identification:_identify(src) by extensions ['ignore', 'ignore_ament_install']
[2.785s] Level 1:colcon.colcon_core.package_identification:_identify(src) by extension 'ignore'
[2.786s] Level 1:colcon.colcon_core.package_identification:_identify(src) by extension 'ignore_ament_install'
[2.787s] Level 1:colcon.colcon_core.package_identification:_identify(src) by extensions ['colcon_pkg']
[2.787s] Level 1:colcon.colcon_core.package_identification:_identify(src) by extension 'colcon_pkg'
[2.788s] Level 1:colcon.colcon_core.package_identification:_identify(src) by extensions ['colcon_meta']
[2.788s] Level 1:colcon.colcon_core.package_identification:_identify(src) by extension 'colcon_meta'
[2.789s] Level 1:colcon.colcon_core.package_identification:_identify(src) by extensions ['ros']
[2.789s] Level 1:colcon.colcon_core.package_identification:_identify(src) by extension 'ros'
[2.790s] Level 1:colcon.colcon_core.package_identification:_identify(src) by extensions ['cmake', 'python']
[2.791s] Level 1:colcon.colcon_core.package_identification:_identify(src) by extension 'cmake'
[2.791s] Level 1:colcon.colcon_core.package_identification:_identify(src) by extension 'python'
[2.792s] Level 1:colcon.colcon_core.package_identification:_identify(src) by extensions ['python_setup_py']
[2.792s] Level 1:colcon.colcon_core.package_identification:_identify(src) by extension 'python_setup_py'
[2.794s] Level 1:colcon.colcon_core.package_identification:_identify(src/hosbot_pkg) by extensions ['ignore', 'ignore_ament_install']
[2.795s] Level 1:colcon.colcon_core.package_identification:_identify(src/hosbot_pkg) by extension 'ignore'
[2.796s] Level 1:colcon.colcon_core.package_identification:_identify(src/hosbot_pkg) by extension 'ignore_ament_install'
[2.797s] Level 1:colcon.colcon_core.package_identification:_identify(src/hosbot_pkg) by extensions ['colcon_pkg']
[2.797s] Level 1:colcon.colcon_core.package_identification:_identify(src/hosbot_pkg) by extension 'colcon_pkg'
[2.798s] Level 1:colcon.colcon_core.package_identification:_identify(src/hosbot_pkg) by extensions ['colcon_meta']
[2.798s] Level 1:colcon.colcon_core.package_identification:_identify(src/hosbot_pkg) by extension 'colcon_meta'
[2.799s] Level 1:colcon.colcon_core.package_identification:_identify(src/hosbot_pkg) by extensions ['ros']
[2.799s] Level 1:colcon.colcon_core.package_identification:_identify(src/hosbot_pkg) by extension 'ros'
[2.821s] DEBUG:colcon.colcon_core.package_identification:Package 'src/hosbot_pkg' with type 'ros.ament_cmake' and name 'hosbot_pkg'
[2.822s] Level 1:colcon.colcon_core.package_discovery:discover_packages(recursive) using defaults
[2.822s] Level 1:colcon.colcon_core.package_discovery:discover_packages(ignore) discover
[2.823s] Level 1:colcon.colcon_core.package_discovery:discover_packages(ignore) using defaults
[2.823s] Level 1:colcon.colcon_core.package_discovery:discover_packages(path) discover
[2.823s] Level 1:colcon.colcon_core.package_discovery:discover_packages(path) using defaults
[2.988s] Level 1:colcon.colcon_core.package_discovery:discover_packages(prefix_path) check parameters
[2.988s] Level 1:colcon.colcon_core.package_discovery:discover_packages(prefix_path) discover
[3.002s] DEBUG:colcon.colcon_installed_package_information.package_discovery:Found 1 installed packages in /home/devrobot/hosbot_dev_ws/install
[3.014s] DEBUG:colcon.colcon_installed_package_information.package_discovery:Found 280 installed packages in /opt/ros/humble
[3.082s] Level 1:colcon.colcon_core.package_discovery:discover_packages(prefix_path) using defaults
[3.473s] Level 5:colcon.colcon_core.verb:set package 'hosbot_pkg' build argument 'cmake_args' from command line to 'None'
[3.473s] Level 5:colcon.colcon_core.verb:set package 'hosbot_pkg' build argument 'cmake_target' from command line to 'None'
[3.474s] Level 5:colcon.colcon_core.verb:set package 'hosbot_pkg' build argument 'cmake_target_skip_unavailable' from command line to 'False'
[3.474s] Level 5:colcon.colcon_core.verb:set package 'hosbot_pkg' build argument 'cmake_clean_cache' from command line to 'False'
[3.474s] Level 5:colcon.colcon_core.verb:set package 'hosbot_pkg' build argument 'cmake_clean_first' from command line to 'False'
[3.475s] Level 5:colcon.colcon_core.verb:set package 'hosbot_pkg' build argument 'cmake_force_configure' from command line to 'False'
[3.475s] Level 5:colcon.colcon_core.verb:set package 'hosbot_pkg' build argument 'ament_cmake_args' from command line to 'None'
[3.475s] Level 5:colcon.colcon_core.verb:set package 'hosbot_pkg' build argument 'catkin_cmake_args' from command line to 'None'
[3.475s] Level 5:colcon.colcon_core.verb:set package 'hosbot_pkg' build argument 'catkin_skip_building_tests' from command line to 'False'
[3.476s] DEBUG:colcon.colcon_core.verb:Building package 'hosbot_pkg' with the following arguments: {'ament_cmake_args': None, 'build_base': '/home/devrobot/hosbot_dev_ws/build/hosbot_pkg', 'catkin_cmake_args': None, 'catkin_skip_building_tests': False, 'cmake_args': None, 'cmake_clean_cache': False, 'cmake_clean_first': False, 'cmake_force_configure': False, 'cmake_target': None, 'cmake_target_skip_unavailable': False, 'install_base': '/home/devrobot/hosbot_dev_ws/install/hosbot_pkg', 'merge_install': False, 'path': '/home/devrobot/hosbot_dev_ws/src/hosbot_pkg', 'symlink_install': True, 'test_result_base': None}
[3.477s] INFO:colcon.colcon_core.executor:Executing jobs using 'parallel' executor
[3.483s] DEBUG:colcon.colcon_parallel_executor.executor.parallel:run_until_complete
[3.485s] INFO:colcon.colcon_ros.task.ament_cmake.build:Building ROS package in '/home/devrobot/hosbot_dev_ws/src/hosbot_pkg' with build type 'ament_cmake'
[3.485s] INFO:colcon.colcon_cmake.task.cmake.build:Building CMake package in '/home/devrobot/hosbot_dev_ws/src/hosbot_pkg'
[3.503s] INFO:colcon.colcon_core.plugin_system:Skipping extension 'colcon_core.shell.bat': Not used on non-Windows systems
[3.505s] INFO:colcon.colcon_core.shell:Skip shell extension 'powershell' for command environment: Not usable outside of PowerShell
[3.506s] DEBUG:colcon.colcon_core.shell:Skip shell extension 'dsv' for command environment
[3.607s] DEBUG:colcon.colcon_core.event_handler.log_command:Invoking command in '/home/devrobot/hosbot_dev_ws/build/hosbot_pkg': CMAKE_PREFIX_PATH=${CMAKE_PREFIX_PATH}:/opt/ros/humble /usr/bin/cmake --build /home/devrobot/hosbot_dev_ws/build/hosbot_pkg -- -j4 -l4
[3.948s] DEBUG:colcon.colcon_core.event_handler.log_command:Invoked command in '/home/devrobot/hosbot_dev_ws/build/hosbot_pkg' returned '0': CMAKE_PREFIX_PATH=${CMAKE_PREFIX_PATH}:/opt/ros/humble /usr/bin/cmake --build /home/devrobot/hosbot_dev_ws/build/hosbot_pkg -- -j4 -l4
[4.216s] DEBUG:colcon.colcon_core.event_handler.log_command:Invoking command in '/home/devrobot/hosbot_dev_ws/build/hosbot_pkg': CMAKE_PREFIX_PATH=${CMAKE_PREFIX_PATH}:/opt/ros/humble /usr/bin/cmake --install /home/devrobot/hosbot_dev_ws/build/hosbot_pkg
[4.344s] Level 1:colcon.colcon_core.environment:create_environment_scripts_only(hosbot_pkg)
[4.345s] DEBUG:colcon.colcon_core.event_handler.log_command:Invoked command in '/home/devrobot/hosbot_dev_ws/build/hosbot_pkg' returned '0': CMAKE_PREFIX_PATH=${CMAKE_PREFIX_PATH}:/opt/ros/humble /usr/bin/cmake --install /home/devrobot/hosbot_dev_ws/build/hosbot_pkg
[4.349s] Level 1:colcon.colcon_core.environment:checking '/home/devrobot/hosbot_dev_ws/install/hosbot_pkg' for CMake module files
[4.350s] Level 1:colcon.colcon_core.environment:checking '/home/devrobot/hosbot_dev_ws/install/hosbot_pkg' for CMake config files
[4.351s] Level 1:colcon.colcon_core.shell:create_environment_hook('hosbot_pkg', 'cmake_prefix_path')
[4.351s] INFO:colcon.colcon_core.shell:Creating environment hook '/home/devrobot/hosbot_dev_ws/install/hosbot_pkg/share/hosbot_pkg/hook/cmake_prefix_path.ps1'
[4.352s] INFO:colcon.colcon_core.shell:Creating environment descriptor '/home/devrobot/hosbot_dev_ws/install/hosbot_pkg/share/hosbot_pkg/hook/cmake_prefix_path.dsv'
[4.353s] INFO:colcon.colcon_core.shell:Creating environment hook '/home/devrobot/hosbot_dev_ws/install/hosbot_pkg/share/hosbot_pkg/hook/cmake_prefix_path.sh'
[4.354s] Level 1:colcon.colcon_core.environment:checking '/home/devrobot/hosbot_dev_ws/install/hosbot_pkg/bin'
[4.354s] Level 1:colcon.colcon_core.environment:checking '/home/devrobot/hosbot_dev_ws/install/hosbot_pkg/lib/pkgconfig/hosbot_pkg.pc'
[4.355s] Level 1:colcon.colcon_core.environment:checking '/home/devrobot/hosbot_dev_ws/install/hosbot_pkg/lib/python3.10/site-packages'
[4.355s] Level 1:colcon.colcon_core.environment:checking '/home/devrobot/hosbot_dev_ws/install/hosbot_pkg/bin'
[4.355s] INFO:colcon.colcon_core.shell:Creating package script '/home/devrobot/hosbot_dev_ws/install/hosbot_pkg/share/hosbot_pkg/package.ps1'
[4.357s] INFO:colcon.colcon_core.shell:Creating package descriptor '/home/devrobot/hosbot_dev_ws/install/hosbot_pkg/share/hosbot_pkg/package.dsv'
[4.358s] INFO:colcon.colcon_core.shell:Creating package script '/home/devrobot/hosbot_dev_ws/install/hosbot_pkg/share/hosbot_pkg/package.sh'
[4.359s] INFO:colcon.colcon_core.shell:Creating package script '/home/devrobot/hosbot_dev_ws/install/hosbot_pkg/share/hosbot_pkg/package.bash'
[4.360s] INFO:colcon.colcon_core.shell:Creating package script '/home/devrobot/hosbot_dev_ws/install/hosbot_pkg/share/hosbot_pkg/package.zsh'
[4.361s] Level 1:colcon.colcon_core.environment:create_file_with_runtime_dependencies(/home/devrobot/hosbot_dev_ws/install/hosbot_pkg/share/colcon-core/packages/hosbot_pkg)
[4.396s] Level 1:colcon.colcon_core.environment:create_environment_scripts_only(hosbot_pkg)
[4.396s] Level 1:colcon.colcon_core.environment:checking '/home/devrobot/hosbot_dev_ws/install/hosbot_pkg' for CMake module files
[4.397s] Level 1:colcon.colcon_core.environment:checking '/home/devrobot/hosbot_dev_ws/install/hosbot_pkg' for CMake config files
[4.398s] Level 1:colcon.colcon_core.shell:create_environment_hook('hosbot_pkg', 'cmake_prefix_path')
[4.398s] INFO:colcon.colcon_core.shell:Creating environment hook '/home/devrobot/hosbot_dev_ws/install/hosbot_pkg/share/hosbot_pkg/hook/cmake_prefix_path.ps1'
[4.399s] INFO:colcon.colcon_core.shell:Creating environment descriptor '/home/devrobot/hosbot_dev_ws/install/hosbot_pkg/share/hosbot_pkg/hook/cmake_prefix_path.dsv'
[4.399s] INFO:colcon.colcon_core.shell:Creating environment hook '/home/devrobot/hosbot_dev_ws/install/hosbot_pkg/share/hosbot_pkg/hook/cmake_prefix_path.sh'
[4.400s] Level 1:colcon.colcon_core.environment:checking '/home/devrobot/hosbot_dev_ws/install/hosbot_pkg/bin'
[4.400s] Level 1:colcon.colcon_core.environment:checking '/home/devrobot/hosbot_dev_ws/install/hosbot_pkg/lib/pkgconfig/hosbot_pkg.pc'
[4.401s] Level 1:colcon.colcon_core.environment:checking '/home/devrobot/hosbot_dev_ws/install/hosbot_pkg/lib/python3.10/site-packages'
[4.401s] Level 1:colcon.colcon_core.environment:checking '/home/devrobot/hosbot_dev_ws/install/hosbot_pkg/bin'
[4.401s] INFO:colcon.colcon_core.shell:Creating package script '/home/devrobot/hosbot_dev_ws/install/hosbot_pkg/share/hosbot_pkg/package.ps1'
[4.402s] INFO:colcon.colcon_core.shell:Creating package descriptor '/home/devrobot/hosbot_dev_ws/install/hosbot_pkg/share/hosbot_pkg/package.dsv'
[4.403s] INFO:colcon.colcon_core.shell:Creating package script '/home/devrobot/hosbot_dev_ws/install/hosbot_pkg/share/hosbot_pkg/package.sh'
[4.404s] INFO:colcon.colcon_core.shell:Creating package script '/home/devrobot/hosbot_dev_ws/install/hosbot_pkg/share/hosbot_pkg/package.bash'
[4.404s] INFO:colcon.colcon_core.shell:Creating package script '/home/devrobot/hosbot_dev_ws/install/hosbot_pkg/share/hosbot_pkg/package.zsh'
[4.405s] Level 1:colcon.colcon_core.environment:create_file_with_runtime_dependencies(/home/devrobot/hosbot_dev_ws/install/hosbot_pkg/share/colcon-core/packages/hosbot_pkg)
[4.405s] DEBUG:colcon.colcon_parallel_executor.executor.parallel:closing loop
[4.406s] DEBUG:colcon.colcon_parallel_executor.executor.parallel:loop closed
[4.406s] DEBUG:colcon.colcon_parallel_executor.executor.parallel:run_until_complete finished with '0'
[4.406s] DEBUG:colcon.colcon_core.event_reactor:joining thread
[4.413s] INFO:colcon.colcon_core.plugin_system:Skipping extension 'colcon_notification.desktop_notification.terminal_notifier': Not used on non-Darwin systems
[4.414s] INFO:colcon.colcon_core.plugin_system:Skipping extension 'colcon_notification.desktop_notification.win32': Not used on non-Windows systems
[4.414s] INFO:colcon.colcon_notification.desktop_notification:Sending desktop notification using 'notify2'
[4.429s] DEBUG:colcon.colcon_core.event_reactor:joined thread
[4.430s] INFO:colcon.colcon_core.shell:Creating prefix script '/home/devrobot/hosbot_dev_ws/install/local_setup.ps1'
[4.431s] INFO:colcon.colcon_core.shell:Creating prefix util module '/home/devrobot/hosbot_dev_ws/install/_local_setup_util_ps1.py'
[4.437s] INFO:colcon.colcon_core.shell:Creating prefix chain script '/home/devrobot/hosbot_dev_ws/install/setup.ps1'
[4.440s] INFO:colcon.colcon_core.shell:Creating prefix script '/home/devrobot/hosbot_dev_ws/install/local_setup.sh'
[4.441s] INFO:colcon.colcon_core.shell:Creating prefix util module '/home/devrobot/hosbot_dev_ws/install/_local_setup_util_sh.py'
[4.442s] INFO:colcon.colcon_core.shell:Creating prefix chain script '/home/devrobot/hosbot_dev_ws/install/setup.sh'
[4.444s] INFO:colcon.colcon_core.shell:Creating prefix script '/home/devrobot/hosbot_dev_ws/install/local_setup.bash'
[4.446s] INFO:colcon.colcon_core.shell:Creating prefix chain script '/home/devrobot/hosbot_dev_ws/install/setup.bash'
[4.447s] INFO:colcon.colcon_core.shell:Creating prefix script '/home/devrobot/hosbot_dev_ws/install/local_setup.zsh'
[4.448s] INFO:colcon.colcon_core.shell:Creating prefix chain script '/home/devrobot/hosbot_dev_ws/install/setup.zsh'
